;  LST file generated by mikroListExporter - v.2.0 
; Date/Time: 2018-02-22 21:58:38
;----------------------------------------------

;Address Opcode 	ASM
0x0000	0xF004EF62  	GOTO        2244
0x0004	0x0000      	NOP
0x0006	0x0000      	NOP
0x0008	0xF000EF00  	GOTO        0
0x000C	0x0000      	NOP
0x000E	0x0000      	NOP
0x0010	0x0000      	NOP
0x0012	0x0000      	NOP
0x0014	0x0000      	NOP
0x0016	0x0000      	NOP
0x0018	0xD7F3      	BRA         0
_Div_16x16_U:
;__Lib_Math.c,102 :: 		
;__Lib_Math.c,109 :: 		
0x001C	0x6A08      	CLRF        R8, 0
;__Lib_Math.c,110 :: 		
0x001E	0x6A09      	CLRF        R9, 0
;__Lib_Math.c,111 :: 		
0x0020	0x0E10      	MOVLW       16
;__Lib_Math.c,112 :: 		
0x0022	0x6E0C      	MOVWF       R12, 0
;__Lib_Math.c,113 :: 		
0x0024	0x3401      	RLCF        R1, 0, 0
;__Lib_Math.c,114 :: 		
0x0026	0x3608      	RLCF        R8, 1, 0
;__Lib_Math.c,115 :: 		
0x0028	0x3609      	RLCF        R9, 1, 0
;__Lib_Math.c,116 :: 		
0x002A	0x5004      	MOVF        R4, 0, 0
;__Lib_Math.c,117 :: 		
0x002C	0x5E08      	SUBWF       R8, 1, 0
;__Lib_Math.c,118 :: 		
0x002E	0x5005      	MOVF        R5, 0, 0
;__Lib_Math.c,119 :: 		
0x0030	0xA0D8      	BTFSS       STATUS, 0, 0
;__Lib_Math.c,120 :: 		
0x0032	0x3C05      	INCFSZ      R5, 0, 0
;__Lib_Math.c,121 :: 		
0x0034	0x5E09      	SUBWF       R9, 1, 0
;__Lib_Math.c,122 :: 		
0x0036	0xB0D8      	BTFSC       STATUS, 0, 0
;__Lib_Math.c,123 :: 		
0x0038	0xD007      	BRA         $+16
;__Lib_Math.c,124 :: 		
0x003A	0x5004      	MOVF        R4, 0, 0
;__Lib_Math.c,125 :: 		
0x003C	0x2608      	ADDWF       R8, 1, 0
;__Lib_Math.c,126 :: 		
0x003E	0x5005      	MOVF        R5, 0, 0
;__Lib_Math.c,127 :: 		
0x0040	0xB0D8      	BTFSC       STATUS, 0, 0
;__Lib_Math.c,128 :: 		
0x0042	0x3C05      	INCFSZ      R5, 0, 0
;__Lib_Math.c,129 :: 		
0x0044	0x2609      	ADDWF       R9, 1, 0
;__Lib_Math.c,130 :: 		
0x0046	0x90D8      	BCF         STATUS, 0, 0
;__Lib_Math.c,131 :: 		
0x0048	0x3600      	RLCF        R0, 1, 0
;__Lib_Math.c,132 :: 		
0x004A	0x3601      	RLCF        R1, 1, 0
;__Lib_Math.c,133 :: 		
0x004C	0x2E0C      	DECFSZ      R12, 1, 0
;__Lib_Math.c,134 :: 		
0x004E	0xD7EA      	BRA         $-42
;__Lib_Math.c,136 :: 		
L_end_Div_16x16_U:
0x0050	0x0012      	RETURN      0
; end of _Div_16x16_U
_cmd_zodzio_ilgis:
;baigiamasis_v2.c,161 :: 		int cmd_zodzio_ilgis(char *str) {
;baigiamasis_v2.c,162 :: 		unsigned short int c = 1;
0x0052	0x0E01      	MOVLW       1
0x0054	0x0102      	MOVLB       2
0x0056	0x6F6D      	MOVWF       cmd_zodzio_ilgis_c_L0, 1
;baigiamasis_v2.c,163 :: 		while (str[c]) {
L_cmd_zodzio_ilgis6:
0x0058	0x516D      	MOVF        cmd_zodzio_ilgis_c_L0, 0, 1
0x005A	0x256B      	ADDWF       FARG_cmd_zodzio_ilgis_str, 0, 1
0x005C	0x6EE9      	MOVWF       FSR0L 
0x005E	0x0E00      	MOVLW       0
0x0060	0x216C      	ADDWFC      FARG_cmd_zodzio_ilgis_str+1, 0, 1
0x0062	0x6EEA      	MOVWF       FSR0H 
0x0064	0x52EE      	MOVF        POSTINC0, 1 
0x0066	0xE002      	BZ          L_cmd_zodzio_ilgis7
;baigiamasis_v2.c,164 :: 		c ++;
0x0068	0x2B6D      	INCF        cmd_zodzio_ilgis_c_L0, 1, 1
;baigiamasis_v2.c,165 :: 		}
0x006A	0xD7F6      	BRA         L_cmd_zodzio_ilgis6
L_cmd_zodzio_ilgis7:
;baigiamasis_v2.c,166 :: 		return c;
0x006C	0xF000C26D  	MOVFF       cmd_zodzio_ilgis_c_L0, R0
0x0070	0x0E00      	MOVLW       0
0x0072	0x6E01      	MOVWF       R1 
;baigiamasis_v2.c,167 :: 		}
L_end_cmd_zodzio_ilgis:
0x0074	0x0012      	RETURN      0
; end of _cmd_zodzio_ilgis
_WordToStr:
;__Lib_Conversions.c,84 :: 		
;__Lib_Conversions.c,89 :: 		
0x0076	0x0102      	MOVLB       2
0x0078	0x6B6F      	CLRF        WordToStr_len_L0, 1
L_WordToStr6:
0x007A	0x0E05      	MOVLW       5
0x007C	0x5D6F      	SUBWF       WordToStr_len_L0, 0, 1
0x007E	0xE20A      	BC          L_WordToStr7
;__Lib_Conversions.c,90 :: 		
0x0080	0x516F      	MOVF        WordToStr_len_L0, 0, 1
0x0082	0x256D      	ADDWF       FARG_WordToStr_output, 0, 1
0x0084	0x6EE1      	MOVWF       FSR1L 
0x0086	0x0E00      	MOVLW       0
0x0088	0x216E      	ADDWFC      FARG_WordToStr_output+1, 0, 1
0x008A	0x6EE2      	MOVWF       FSR1H 
0x008C	0x0E20      	MOVLW       32
0x008E	0x6EE6      	MOVWF       POSTINC1 
;__Lib_Conversions.c,89 :: 		
0x0090	0x2B6F      	INCF        WordToStr_len_L0, 1, 1
;__Lib_Conversions.c,90 :: 		
0x0092	0xD7F3      	BRA         L_WordToStr6
L_WordToStr7:
;__Lib_Conversions.c,91 :: 		
0x0094	0x516F      	MOVF        WordToStr_len_L0, 0, 1
0x0096	0x256D      	ADDWF       FARG_WordToStr_output, 0, 1
0x0098	0x6EE1      	MOVWF       FSR1L 
0x009A	0x0E00      	MOVLW       0
0x009C	0x216E      	ADDWFC      FARG_WordToStr_output+1, 0, 1
0x009E	0x6EE2      	MOVWF       FSR1H 
0x00A0	0x6AE6      	CLRF        POSTINC1 
0x00A2	0x076F      	DECF        WordToStr_len_L0, 1, 1
;__Lib_Conversions.c,93 :: 		
L_WordToStr9:
;__Lib_Conversions.c,94 :: 		
0x00A4	0x516F      	MOVF        WordToStr_len_L0, 0, 1
0x00A6	0x256D      	ADDWF       FARG_WordToStr_output, 0, 1
0x00A8	0x6F70      	MOVWF       FLOC__WordToStr, 1
0x00AA	0x0E00      	MOVLW       0
0x00AC	0x216E      	ADDWFC      FARG_WordToStr_output+1, 0, 1
0x00AE	0x6F71      	MOVWF       FLOC__WordToStr+1, 1
0x00B0	0x0E0A      	MOVLW       10
0x00B2	0x6E04      	MOVWF       R4 
0x00B4	0x0E00      	MOVLW       0
0x00B6	0x6E05      	MOVWF       R5 
0x00B8	0xF000C26B  	MOVFF       FARG_WordToStr_input, R0
0x00BC	0xF001C26C  	MOVFF       FARG_WordToStr_input+1, R1
0x00C0	0xDFAD      	RCALL       _Div_16x16_U
0x00C2	0xF000C008  	MOVFF       R8, R0
0x00C6	0xF001C009  	MOVFF       R9, R1
0x00CA	0x0E30      	MOVLW       48
0x00CC	0x2600      	ADDWF       R0, 1 
0x00CE	0xFFE1C270  	MOVFF       FLOC__WordToStr, FSR1L
0x00D2	0xFFE2C271  	MOVFF       FLOC__WordToStr+1, FSR1H
0x00D6	0xFFE6C000  	MOVFF       R0, POSTINC1
;__Lib_Conversions.c,95 :: 		
0x00DA	0x0E0A      	MOVLW       10
0x00DC	0x6E04      	MOVWF       R4 
0x00DE	0x0E00      	MOVLW       0
0x00E0	0x6E05      	MOVWF       R5 
0x00E2	0xF000C26B  	MOVFF       FARG_WordToStr_input, R0
0x00E6	0xF001C26C  	MOVFF       FARG_WordToStr_input+1, R1
0x00EA	0xDF98      	RCALL       _Div_16x16_U
0x00EC	0xF26BC000  	MOVFF       R0, FARG_WordToStr_input
0x00F0	0xF26CC001  	MOVFF       R1, FARG_WordToStr_input+1
;__Lib_Conversions.c,96 :: 		
0x00F4	0x0E00      	MOVLW       0
0x00F6	0x1801      	XORWF       R1, 0 
0x00F8	0xE102      	BNZ         L__WordToStr109
0x00FA	0x0E00      	MOVLW       0
0x00FC	0x1800      	XORWF       R0, 0 
L__WordToStr109:
0x00FE	0xE101      	BNZ         L_WordToStr11
;__Lib_Conversions.c,97 :: 		
0x0100	0xD002      	BRA         L_WordToStr10
L_WordToStr11:
;__Lib_Conversions.c,98 :: 		
0x0102	0x076F      	DECF        WordToStr_len_L0, 1, 1
;__Lib_Conversions.c,99 :: 		
0x0104	0xD7CF      	BRA         L_WordToStr9
L_WordToStr10:
;__Lib_Conversions.c,100 :: 		
L_end_WordToStr:
0x0106	0x0012      	RETURN      0
; end of _WordToStr
_Ltrim:
;__Lib_Conversions.c,372 :: 		
;__Lib_Conversions.c,376 :: 		
0x0108	0x0102      	MOVLB       2
0x010A	0x6B63      	CLRF        Ltrim_trimmed_L0, 1
0x010C	0x6B64      	CLRF        Ltrim_trimmed_L0+1, 1
;__Lib_Conversions.c,377 :: 		
0x010E	0xF003C261  	MOVFF       FARG_Ltrim_string, R3
0x0112	0xF004C262  	MOVFF       FARG_Ltrim_string+1, R4
;__Lib_Conversions.c,378 :: 		
0x0116	0xF005C261  	MOVFF       FARG_Ltrim_string, R5
0x011A	0xF006C262  	MOVFF       FARG_Ltrim_string+1, R6
;__Lib_Conversions.c,379 :: 		
L_Ltrim70:
;__Lib_Conversions.c,380 :: 		
0x011E	0xFFE9C003  	MOVFF       R3, FSR0L
0x0122	0xFFEAC004  	MOVFF       R4, FSR0H
0x0126	0x50EE      	MOVF        POSTINC0, 0 
0x0128	0x0A20      	XORLW       32
0x012A	0xE104      	BNZ         L__Ltrim99
0x012C	0x5163      	MOVF        Ltrim_trimmed_L0, 0, 1
0x012E	0x1164      	IORWF       Ltrim_trimmed_L0+1, 0, 1
0x0130	0xE101      	BNZ         L__Ltrim99
0x0132	0xD010      	BRA         L_Ltrim75
L__Ltrim99:
;__Lib_Conversions.c,381 :: 		
0x0134	0x0E01      	MOVLW       1
0x0136	0x6F63      	MOVWF       Ltrim_trimmed_L0, 1
0x0138	0x0E00      	MOVLW       0
0x013A	0x6F64      	MOVWF       Ltrim_trimmed_L0+1, 1
;__Lib_Conversions.c,382 :: 		
0x013C	0xFFE9C003  	MOVFF       R3, FSR0L
0x0140	0xFFEAC004  	MOVFF       R4, FSR0H
0x0144	0xFFE1C005  	MOVFF       R5, FSR1L
0x0148	0xFFE2C006  	MOVFF       R6, FSR1H
0x014C	0xFFE6CFEE  	MOVFF       POSTINC0, POSTINC1
0x0150	0x4A05      	INFSNZ      R5, 1 
0x0152	0x2A06      	INCF        R6, 1 
;__Lib_Conversions.c,383 :: 		
L_Ltrim75:
;__Lib_Conversions.c,385 :: 		
0x0154	0xF001C003  	MOVFF       R3, R1
0x0158	0xF002C004  	MOVFF       R4, R2
0x015C	0x4A03      	INFSNZ      R3, 1 
0x015E	0x2A04      	INCF        R4, 1 
0x0160	0xFFE9C001  	MOVFF       R1, FSR0L
0x0164	0xFFEAC002  	MOVFF       R2, FSR0H
0x0168	0x50EE      	MOVF        POSTINC0, 0 
0x016A	0x0A00      	XORLW       0
0x016C	0xE1D8      	BNZ         L_Ltrim70
;__Lib_Conversions.c,386 :: 		
0x016E	0xF000C261  	MOVFF       FARG_Ltrim_string, R0
0x0172	0xF001C262  	MOVFF       FARG_Ltrim_string+1, R1
;__Lib_Conversions.c,387 :: 		
L_end_Ltrim:
0x0176	0x0012      	RETURN      0
; end of _Ltrim
_IntToStr:
;__Lib_Conversions.c,146 :: 		
;__Lib_Conversions.c,152 :: 		
0x0178	0x0102      	MOVLB       2
0x017A	0x6B67      	CLRF        IntToStr_negative_L0, 1
0x017C	0x6B68      	CLRF        IntToStr_negative_L0+1, 1
;__Lib_Conversions.c,153 :: 		
0x017E	0xF269C261  	MOVFF       FARG_IntToStr_input, IntToStr_inword_L0
0x0182	0xF26AC262  	MOVFF       FARG_IntToStr_input+1, IntToStr_inword_L0+1
;__Lib_Conversions.c,154 :: 		
0x0186	0x0E80      	MOVLW       128
0x0188	0x1962      	XORWF       FARG_IntToStr_input+1, 0, 1
0x018A	0x6E00      	MOVWF       R0 
0x018C	0x0E80      	MOVLW       128
0x018E	0x5C00      	SUBWF       R0, 0 
0x0190	0xE102      	BNZ         L__IntToStr115
0x0192	0x0E00      	MOVLW       0
0x0194	0x5D61      	SUBWF       FARG_IntToStr_input, 0, 1
L__IntToStr115:
0x0196	0xE20B      	BC          L_IntToStr23
;__Lib_Conversions.c,155 :: 		
0x0198	0x0E01      	MOVLW       1
0x019A	0x6F67      	MOVWF       IntToStr_negative_L0, 1
0x019C	0x0E00      	MOVLW       0
0x019E	0x6F68      	MOVWF       IntToStr_negative_L0+1, 1
;__Lib_Conversions.c,156 :: 		
0x01A0	0x5161      	MOVF        FARG_IntToStr_input, 0, 1
0x01A2	0x0800      	SUBLW       0
0x01A4	0x6F69      	MOVWF       IntToStr_inword_L0, 1
0x01A6	0xF26AC262  	MOVFF       FARG_IntToStr_input+1, IntToStr_inword_L0+1
0x01AA	0x0E00      	MOVLW       0
0x01AC	0x576A      	SUBFWB      IntToStr_inword_L0+1, 1, 1
;__Lib_Conversions.c,157 :: 		
L_IntToStr23:
;__Lib_Conversions.c,158 :: 		
0x01AE	0xF26BC269  	MOVFF       IntToStr_inword_L0, FARG_WordToStr_input
0x01B2	0xF26CC26A  	MOVFF       IntToStr_inword_L0+1, FARG_WordToStr_input+1
0x01B6	0xF26DC263  	MOVFF       FARG_IntToStr_output, FARG_WordToStr_output
0x01BA	0xF26EC264  	MOVFF       FARG_IntToStr_output+1, FARG_WordToStr_output+1
0x01BE	0xDF5B      	RCALL       _WordToStr
;__Lib_Conversions.c,160 :: 		
0x01C0	0x0E06      	MOVLW       6
0x01C2	0x6F65      	MOVWF       IntToStr_i_L0, 1
0x01C4	0x0E00      	MOVLW       0
0x01C6	0x6F66      	MOVWF       IntToStr_i_L0+1, 1
;__Lib_Conversions.c,161 :: 		
L_IntToStr24:
0x01C8	0x0E00      	MOVLW       0
0x01CA	0x6E00      	MOVWF       R0 
0x01CC	0x5166      	MOVF        IntToStr_i_L0+1, 0, 1
0x01CE	0x5C00      	SUBWF       R0, 0 
0x01D0	0xE102      	BNZ         L__IntToStr116
0x01D2	0x5165      	MOVF        IntToStr_i_L0, 0, 1
0x01D4	0x0800      	SUBLW       0
L__IntToStr116:
0x01D6	0xE219      	BC          L_IntToStr25
;__Lib_Conversions.c,162 :: 		
0x01D8	0x5165      	MOVF        IntToStr_i_L0, 0, 1
0x01DA	0x2563      	ADDWF       FARG_IntToStr_output, 0, 1
0x01DC	0x6EE1      	MOVWF       FSR1L 
0x01DE	0x5166      	MOVF        IntToStr_i_L0+1, 0, 1
0x01E0	0x2164      	ADDWFC      FARG_IntToStr_output+1, 0, 1
0x01E2	0x6EE2      	MOVWF       FSR1H 
0x01E4	0x0E01      	MOVLW       1
0x01E6	0x5D65      	SUBWF       IntToStr_i_L0, 0, 1
0x01E8	0x6E00      	MOVWF       R0 
0x01EA	0x0E00      	MOVLW       0
0x01EC	0x5966      	SUBWFB      IntToStr_i_L0+1, 0, 1
0x01EE	0x6E01      	MOVWF       R1 
0x01F0	0x5000      	MOVF        R0, 0 
0x01F2	0x2563      	ADDWF       FARG_IntToStr_output, 0, 1
0x01F4	0x6EE9      	MOVWF       FSR0L 
0x01F6	0x5001      	MOVF        R1, 0 
0x01F8	0x2164      	ADDWFC      FARG_IntToStr_output+1, 0, 1
0x01FA	0x6EEA      	MOVWF       FSR0H 
0x01FC	0xFFE6CFEE  	MOVFF       POSTINC0, POSTINC1
;__Lib_Conversions.c,163 :: 		
0x0200	0x0E01      	MOVLW       1
0x0202	0x5F65      	SUBWF       IntToStr_i_L0, 1, 1
0x0204	0x0E00      	MOVLW       0
0x0206	0x5B66      	SUBWFB      IntToStr_i_L0+1, 1, 1
;__Lib_Conversions.c,164 :: 		
0x0208	0xD7DF      	BRA         L_IntToStr24
L_IntToStr25:
;__Lib_Conversions.c,165 :: 		
0x020A	0xFFE1C263  	MOVFF       FARG_IntToStr_output, FSR1L
0x020E	0xFFE2C264  	MOVFF       FARG_IntToStr_output+1, FSR1H
0x0212	0x0E20      	MOVLW       32
0x0214	0x6EE6      	MOVWF       POSTINC1 
;__Lib_Conversions.c,166 :: 		
0x0216	0x5167      	MOVF        IntToStr_negative_L0, 0, 1
0x0218	0x1168      	IORWF       IntToStr_negative_L0+1, 0, 1
0x021A	0xE01A      	BZ          L_IntToStr26
;__Lib_Conversions.c,167 :: 		
0x021C	0x6B65      	CLRF        IntToStr_i_L0, 1
0x021E	0x6B66      	CLRF        IntToStr_i_L0+1, 1
;__Lib_Conversions.c,168 :: 		
L_IntToStr27:
0x0220	0x5165      	MOVF        IntToStr_i_L0, 0, 1
0x0222	0x2563      	ADDWF       FARG_IntToStr_output, 0, 1
0x0224	0x6EE9      	MOVWF       FSR0L 
0x0226	0x5166      	MOVF        IntToStr_i_L0+1, 0, 1
0x0228	0x2164      	ADDWFC      FARG_IntToStr_output+1, 0, 1
0x022A	0x6EEA      	MOVWF       FSR0H 
0x022C	0x50EE      	MOVF        POSTINC0, 0 
0x022E	0x0A20      	XORLW       32
0x0230	0xE103      	BNZ         L_IntToStr28
0x0232	0x4B65      	INFSNZ      IntToStr_i_L0, 1, 1
0x0234	0x2B66      	INCF        IntToStr_i_L0+1, 1, 1
0x0236	0xD7F4      	BRA         L_IntToStr27
L_IntToStr28:
;__Lib_Conversions.c,169 :: 		
0x0238	0x0E01      	MOVLW       1
0x023A	0x5F65      	SUBWF       IntToStr_i_L0, 1, 1
0x023C	0x0E00      	MOVLW       0
0x023E	0x5B66      	SUBWFB      IntToStr_i_L0+1, 1, 1
;__Lib_Conversions.c,170 :: 		
0x0240	0x5165      	MOVF        IntToStr_i_L0, 0, 1
0x0242	0x2563      	ADDWF       FARG_IntToStr_output, 0, 1
0x0244	0x6EE1      	MOVWF       FSR1L 
0x0246	0x5166      	MOVF        IntToStr_i_L0+1, 0, 1
0x0248	0x2164      	ADDWFC      FARG_IntToStr_output+1, 0, 1
0x024A	0x6EE2      	MOVWF       FSR1H 
0x024C	0x0E2D      	MOVLW       45
0x024E	0x6EE6      	MOVWF       POSTINC1 
L_IntToStr26:
;__Lib_Conversions.c,171 :: 		
L_end_IntToStr:
0x0250	0x0012      	RETURN      0
; end of _IntToStr
_UART1_Write:
;__Lib_UART_c67d67.c,63 :: 		
;__Lib_UART_c67d67.c,64 :: 		
L_UART1_Write3:
0x0252	0xB2AC      	BTFSC       TXSTA, 1 
0x0254	0xD002      	BRA         L_UART1_Write4
;__Lib_UART_c67d67.c,65 :: 		
0x0256	0x0000      	NOP
0x0258	0xD7FC      	BRA         L_UART1_Write3
L_UART1_Write4:
;__Lib_UART_c67d67.c,66 :: 		
0x025A	0xFFADC261  	MOVFF       FARG_UART1_Write_data_, TXREG
;__Lib_UART_c67d67.c,67 :: 		
L_end_UART1_Write:
0x025E	0x0012      	RETURN      0
; end of _UART1_Write
_strncat:
;__Lib_CString.c,155 :: 		
;__Lib_CString.c,158 :: 		
0x0260	0xF004C261  	MOVFF       FARG_strncat_to, R4
0x0264	0xF005C262  	MOVFF       FARG_strncat_to+1, R5
;__Lib_CString.c,159 :: 		
L_strncat38:
0x0268	0xFFE9C004  	MOVFF       R4, FSR0L
0x026C	0xFFEAC005  	MOVFF       R5, FSR0H
0x0270	0x52EE      	MOVF        POSTINC0, 1 
0x0272	0xE003      	BZ          L_strncat39
;__Lib_CString.c,160 :: 		
0x0274	0x4A04      	INFSNZ      R4, 1 
0x0276	0x2A05      	INCF        R5, 1 
0x0278	0xD7F7      	BRA         L_strncat38
L_strncat39:
;__Lib_CString.c,161 :: 		
L_strncat40:
0x027A	0x0102      	MOVLB       2
0x027C	0x5165      	MOVF        FARG_strncat_size, 0, 1
0x027E	0x1166      	IORWF       FARG_strncat_size+1, 0, 1
0x0280	0xE021      	BZ          L_strncat41
0x0282	0xF002C004  	MOVFF       R4, R2
0x0286	0xF003C005  	MOVFF       R5, R3
0x028A	0x4A04      	INFSNZ      R4, 1 
0x028C	0x2A05      	INCF        R5, 1 
0x028E	0xF000C263  	MOVFF       FARG_strncat_from, R0
0x0292	0xF001C264  	MOVFF       FARG_strncat_from+1, R1
0x0296	0x4B63      	INFSNZ      FARG_strncat_from, 1, 1
0x0298	0x2B64      	INCF        FARG_strncat_from+1, 1, 1
0x029A	0xFFE9C000  	MOVFF       R0, FSR0L
0x029E	0xFFEAC001  	MOVFF       R1, FSR0H
0x02A2	0xFFE1C002  	MOVFF       R2, FSR1L
0x02A6	0xFFE2C003  	MOVFF       R3, FSR1H
0x02AA	0xFFE6CFEE  	MOVFF       POSTINC0, POSTINC1
0x02AE	0xFFE9C002  	MOVFF       R2, FSR0L
0x02B2	0xFFEAC003  	MOVFF       R3, FSR0H
0x02B6	0x52EE      	MOVF        POSTINC0, 1 
0x02B8	0xE005      	BZ          L_strncat41
L__strncat82:
;__Lib_CString.c,162 :: 		
0x02BA	0x0E01      	MOVLW       1
0x02BC	0x5F65      	SUBWF       FARG_strncat_size, 1, 1
0x02BE	0x0E00      	MOVLW       0
0x02C0	0x5B66      	SUBWFB      FARG_strncat_size+1, 1, 1
0x02C2	0xD7DB      	BRA         L_strncat40
L_strncat41:
;__Lib_CString.c,163 :: 		
0x02C4	0x0E00      	MOVLW       0
0x02C6	0x1966      	XORWF       FARG_strncat_size+1, 0, 1
0x02C8	0xE102      	BNZ         L__strncat101
0x02CA	0x0E00      	MOVLW       0
0x02CC	0x1965      	XORWF       FARG_strncat_size, 0, 1
L__strncat101:
0x02CE	0xE105      	BNZ         L_strncat44
;__Lib_CString.c,164 :: 		
0x02D0	0xFFE1C004  	MOVFF       R4, FSR1L
0x02D4	0xFFE2C005  	MOVFF       R5, FSR1H
0x02D8	0x6AE6      	CLRF        POSTINC1 
L_strncat44:
;__Lib_CString.c,166 :: 		
0x02DA	0xF000C261  	MOVFF       FARG_strncat_to, R0
0x02DE	0xF001C262  	MOVFF       FARG_strncat_to+1, R1
;__Lib_CString.c,167 :: 		
L_end_strncat:
0x02E2	0x0012      	RETURN      0
; end of _strncat
_UART2_Write:
;__Lib_UART_c67d67.c,160 :: 		
;__Lib_UART_c67d67.c,161 :: 		
L_UART2_Write19:
0x02E4	0xB272      	BTFSC       TXSTA2, 1 
0x02E6	0xD001      	BRA         L_UART2_Write20
;__Lib_UART_c67d67.c,162 :: 		
0x02E8	0xD7FD      	BRA         L_UART2_Write19
L_UART2_Write20:
;__Lib_UART_c67d67.c,163 :: 		
0x02EA	0xFF73C261  	MOVFF       FARG_UART2_Write_data_, TXREG2
;__Lib_UART_c67d67.c,164 :: 		
L_end_UART2_Write:
0x02EE	0x0012      	RETURN      0
; end of _UART2_Write
_cmd_prideti_teksta:
;baigiamasis_v2.c,170 :: 		char *cmd_prideti_teksta(char *pradinis_tekstas, char *pridetas_tekstas) {
;baigiamasis_v2.c,172 :: 		a = cmd_zodzio_ilgis(pradinis_tekstas);
0x02F0	0xF26BC261  	MOVFF       FARG_cmd_prideti_teksta_pradinis_tekstas, FARG_cmd_zodzio_ilgis_str
0x02F4	0xF26CC262  	MOVFF       FARG_cmd_prideti_teksta_pradinis_tekstas+1, FARG_cmd_zodzio_ilgis_str+1
0x02F8	0xDEAC      	RCALL       _cmd_zodzio_ilgis
0x02FA	0xF265C000  	MOVFF       R0, cmd_prideti_teksta_a_L0
;baigiamasis_v2.c,173 :: 		b = cmd_zodzio_ilgis(pridetas_tekstas);
0x02FE	0xF26BC263  	MOVFF       FARG_cmd_prideti_teksta_pridetas_tekstas, FARG_cmd_zodzio_ilgis_str
0x0302	0xF26CC264  	MOVFF       FARG_cmd_prideti_teksta_pridetas_tekstas+1, FARG_cmd_zodzio_ilgis_str+1
0x0306	0xDEA5      	RCALL       _cmd_zodzio_ilgis
0x0308	0xF266C000  	MOVFF       R0, cmd_prideti_teksta_b_L0
;baigiamasis_v2.c,176 :: 		for(i=0; b != 0; b --,i++) {
0x030C	0x6B67      	CLRF        cmd_prideti_teksta_i_L0, 1
L_cmd_prideti_teksta8:
0x030E	0x5166      	MOVF        cmd_prideti_teksta_b_L0, 0, 1
0x0310	0x0A00      	XORLW       0
0x0312	0xE017      	BZ          L_cmd_prideti_teksta9
;baigiamasis_v2.c,177 :: 		pradinis_tekstas[a + i] = pridetas_tekstas[i];
0x0314	0x5167      	MOVF        cmd_prideti_teksta_i_L0, 0, 1
0x0316	0x2565      	ADDWF       cmd_prideti_teksta_a_L0, 0, 1
0x0318	0x6E00      	MOVWF       R0 
0x031A	0x6A01      	CLRF        R1 
0x031C	0x0E00      	MOVLW       0
0x031E	0x2201      	ADDWFC      R1, 1 
0x0320	0x5000      	MOVF        R0, 0 
0x0322	0x2561      	ADDWF       FARG_cmd_prideti_teksta_pradinis_tekstas, 0, 1
0x0324	0x6EE1      	MOVWF       FSR1L 
0x0326	0x5001      	MOVF        R1, 0 
0x0328	0x2162      	ADDWFC      FARG_cmd_prideti_teksta_pradinis_tekstas+1, 0, 1
0x032A	0x6EE2      	MOVWF       FSR1H 
0x032C	0x5167      	MOVF        cmd_prideti_teksta_i_L0, 0, 1
0x032E	0x2563      	ADDWF       FARG_cmd_prideti_teksta_pridetas_tekstas, 0, 1
0x0330	0x6EE9      	MOVWF       FSR0L 
0x0332	0x0E00      	MOVLW       0
0x0334	0x2164      	ADDWFC      FARG_cmd_prideti_teksta_pridetas_tekstas+1, 0, 1
0x0336	0x6EEA      	MOVWF       FSR0H 
0x0338	0xFFE6CFEE  	MOVFF       POSTINC0, POSTINC1
;baigiamasis_v2.c,176 :: 		for(i=0; b != 0; b --,i++) {
0x033C	0x0766      	DECF        cmd_prideti_teksta_b_L0, 1, 1
0x033E	0x2B67      	INCF        cmd_prideti_teksta_i_L0, 1, 1
;baigiamasis_v2.c,178 :: 		}
0x0340	0xD7E6      	BRA         L_cmd_prideti_teksta8
L_cmd_prideti_teksta9:
;baigiamasis_v2.c,179 :: 		pradinis_tekstas[a+i] = 0;
0x0342	0x5167      	MOVF        cmd_prideti_teksta_i_L0, 0, 1
0x0344	0x2565      	ADDWF       cmd_prideti_teksta_a_L0, 0, 1
0x0346	0x6E00      	MOVWF       R0 
0x0348	0x6A01      	CLRF        R1 
0x034A	0x0E00      	MOVLW       0
0x034C	0x2201      	ADDWFC      R1, 1 
0x034E	0x5000      	MOVF        R0, 0 
0x0350	0x2561      	ADDWF       FARG_cmd_prideti_teksta_pradinis_tekstas, 0, 1
0x0352	0x6EE1      	MOVWF       FSR1L 
0x0354	0x5001      	MOVF        R1, 0 
0x0356	0x2162      	ADDWFC      FARG_cmd_prideti_teksta_pradinis_tekstas+1, 0, 1
0x0358	0x6EE2      	MOVWF       FSR1H 
0x035A	0x6AE6      	CLRF        POSTINC1 
;baigiamasis_v2.c,181 :: 		return pradinis_tekstas;
0x035C	0xF000C261  	MOVFF       FARG_cmd_prideti_teksta_pradinis_tekstas, R0
0x0360	0xF001C262  	MOVFF       FARG_cmd_prideti_teksta_pradinis_tekstas+1, R1
;baigiamasis_v2.c,182 :: 		}
L_end_cmd_prideti_teksta:
0x0364	0x0012      	RETURN      0
; end of _cmd_prideti_teksta
_UART1_Init:
;__Lib_UART_c67d67.c,20 :: 		
;__Lib_UART_c67d67.c,23 :: 		
0x0366	0x0E52      	MOVLW       _UART1_Write
0x0368	0x0102      	MOVLB       2
0x036A	0x6F28      	MOVWF       _UART_Wr_Ptr, 1
0x036C	0x0E02      	MOVLW       hi_addr(_UART1_Write)
0x036E	0x6F29      	MOVWF       _UART_Wr_Ptr+1, 1
0x0370	0x0E61      	MOVLW       FARG_UART1_Write_data_
0x0372	0x6F2A      	MOVWF       _UART_Wr_Ptr+2, 1
0x0374	0x0E02      	MOVLW       hi_addr(FARG_UART1_Write_data_)
0x0376	0x6F2B      	MOVWF       _UART_Wr_Ptr+3, 1
;__Lib_UART_c67d67.c,24 :: 		
0x0378	0x0EFF      	MOVLW       _UART1_Read
0x037A	0x6F34      	MOVWF       _UART_Rd_Ptr, 1
0x037C	0x0EFF      	MOVLW       hi_addr(_UART1_Read)
0x037E	0x6F35      	MOVWF       _UART_Rd_Ptr+1, 1
0x0380	0x0E00      	MOVLW       0
0x0382	0x6F36      	MOVWF       _UART_Rd_Ptr+2, 1
0x0384	0x0E00      	MOVLW       0
0x0386	0x6F37      	MOVWF       _UART_Rd_Ptr+3, 1
;__Lib_UART_c67d67.c,25 :: 		
0x0388	0x0EFF      	MOVLW       _UART1_Data_Ready
0x038A	0x6F30      	MOVWF       _UART_Rdy_Ptr, 1
0x038C	0x0EFF      	MOVLW       hi_addr(_UART1_Data_Ready)
0x038E	0x6F31      	MOVWF       _UART_Rdy_Ptr+1, 1
0x0390	0x0E00      	MOVLW       0
0x0392	0x6F32      	MOVWF       _UART_Rdy_Ptr+2, 1
0x0394	0x0E00      	MOVLW       0
0x0396	0x6F33      	MOVWF       _UART_Rdy_Ptr+3, 1
;__Lib_UART_c67d67.c,26 :: 		
0x0398	0x0EFF      	MOVLW       _UART1_Tx_Idle
0x039A	0x6F2C      	MOVWF       _UART_Tx_Idle_Ptr, 1
0x039C	0x0EFF      	MOVLW       hi_addr(_UART1_Tx_Idle)
0x039E	0x6F2D      	MOVWF       _UART_Tx_Idle_Ptr+1, 1
0x03A0	0x0E00      	MOVLW       0
0x03A2	0x6F2E      	MOVWF       _UART_Tx_Idle_Ptr+2, 1
0x03A4	0x0E00      	MOVLW       0
0x03A6	0x6F2F      	MOVWF       _UART_Tx_Idle_Ptr+3, 1
;__Lib_UART_c67d67.c,28 :: 		
0x03A8	0x8AAC      	BSF         TXSTA, 5 
;__Lib_UART_c67d67.c,29 :: 		
0x03AA	0x0E90      	MOVLW       144
0x03AC	0x6EAB      	MOVWF       RCSTA 
;__Lib_UART_c67d67.c,30 :: 		
0x03AE	0x8E94      	BSF         TRISC7_bit, BitPos(TRISC7_bit+0) 
;__Lib_UART_c67d67.c,31 :: 		
0x03B0	0x9C94      	BCF         TRISC6_bit, BitPos(TRISC6_bit+0) 
;__Lib_UART_c67d67.c,33 :: 		
L_UART1_Init0:
0x03B2	0xAA9E      	BTFSS       PIR1, 5 
0x03B4	0xD003      	BRA         L_UART1_Init1
;__Lib_UART_c67d67.c,34 :: 		
0x03B6	0xF000CFAE  	MOVFF       RCREG, R0
0x03BA	0xD7FB      	BRA         L_UART1_Init0
L_UART1_Init1:
;__Lib_UART_c67d67.c,35 :: 		
L_end_UART1_Init:
0x03BC	0x0012      	RETURN      0
; end of _UART1_Init
_UART2_Write_Text:
;__Lib_UART_c67d67.c,168 :: 		
;__Lib_UART_c67d67.c,169 :: 		
0x03BE	0x0102      	MOVLB       2
0x03C0	0x6B4F      	CLRF        UART2_Write_Text_counter_L0, 1
;__Lib_UART_c67d67.c,171 :: 		
0x03C2	0xFFE9C24C  	MOVFF       FARG_UART2_Write_Text_uart_text, FSR0L
0x03C6	0xFFEAC24D  	MOVFF       FARG_UART2_Write_Text_uart_text+1, FSR0H
0x03CA	0xF24ECFEE  	MOVFF       POSTINC0, UART2_Write_Text_data__L0
;__Lib_UART_c67d67.c,172 :: 		
L_UART2_Write_Text21:
0x03CE	0x514E      	MOVF        UART2_Write_Text_data__L0, 0, 1
0x03D0	0x0A00      	XORLW       0
0x03D2	0xE00E      	BZ          L_UART2_Write_Text22
;__Lib_UART_c67d67.c,173 :: 		
0x03D4	0xF261C24E  	MOVFF       UART2_Write_Text_data__L0, FARG_UART2_Write_data_
0x03D8	0xDF85      	RCALL       _UART2_Write
;__Lib_UART_c67d67.c,174 :: 		
0x03DA	0x0102      	MOVLB       2
0x03DC	0x2B4F      	INCF        UART2_Write_Text_counter_L0, 1, 1
;__Lib_UART_c67d67.c,175 :: 		
0x03DE	0x514F      	MOVF        UART2_Write_Text_counter_L0, 0, 1
0x03E0	0x254C      	ADDWF       FARG_UART2_Write_Text_uart_text, 0, 1
0x03E2	0x6EE9      	MOVWF       FSR0L 
0x03E4	0x0E00      	MOVLW       0
0x03E6	0x214D      	ADDWFC      FARG_UART2_Write_Text_uart_text+1, 0, 1
0x03E8	0x6EEA      	MOVWF       FSR0H 
0x03EA	0xF24ECFEE  	MOVFF       POSTINC0, UART2_Write_Text_data__L0
;__Lib_UART_c67d67.c,176 :: 		
0x03EE	0xD7EF      	BRA         L_UART2_Write_Text21
L_UART2_Write_Text22:
;__Lib_UART_c67d67.c,177 :: 		
L_end_UART2_Write_Text:
0x03F0	0x0012      	RETURN      0
; end of _UART2_Write_Text
_cmd_prideti_teksta_derinamas:
;baigiamasis_v2.c,185 :: 		char *cmd_prideti_teksta_derinamas(char *pradinis_tekstas, char *pridetas_tekstas) {
;baigiamasis_v2.c,187 :: 		a = cmd_zodzio_ilgis(pradinis_tekstas);
0x03F2	0xF26BC24C  	MOVFF       FARG_cmd_prideti_teksta_derinamas_pradinis_tekstas, FARG_cmd_zodzio_ilgis_str
0x03F6	0xF26CC24D  	MOVFF       FARG_cmd_prideti_teksta_derinamas_pradinis_tekstas+1, FARG_cmd_zodzio_ilgis_str+1
0x03FA	0xDE2B      	RCALL       _cmd_zodzio_ilgis
0x03FC	0xF250C000  	MOVFF       R0, cmd_prideti_teksta_derinamas_a_L0
;baigiamasis_v2.c,188 :: 		b = cmd_zodzio_ilgis(pridetas_tekstas);
0x0400	0xF26BC24E  	MOVFF       FARG_cmd_prideti_teksta_derinamas_pridetas_tekstas, FARG_cmd_zodzio_ilgis_str
0x0404	0xF26CC24F  	MOVFF       FARG_cmd_prideti_teksta_derinamas_pridetas_tekstas+1, FARG_cmd_zodzio_ilgis_str+1
0x0408	0xDE24      	RCALL       _cmd_zodzio_ilgis
0x040A	0xF251C000  	MOVFF       R0, cmd_prideti_teksta_derinamas_b_L0
;baigiamasis_v2.c,191 :: 		for(i=0; b != 0; b --,i++) {
0x040E	0x6B52      	CLRF        cmd_prideti_teksta_derinamas_i_L0, 1
L_cmd_prideti_teksta_derinamas11:
0x0410	0x5151      	MOVF        cmd_prideti_teksta_derinamas_b_L0, 0, 1
0x0412	0x0A00      	XORLW       0
0x0414	0xE017      	BZ          L_cmd_prideti_teksta_derinamas12
;baigiamasis_v2.c,192 :: 		pradinis_tekstas[a + i] = pridetas_tekstas[i];
0x0416	0x5152      	MOVF        cmd_prideti_teksta_derinamas_i_L0, 0, 1
0x0418	0x2550      	ADDWF       cmd_prideti_teksta_derinamas_a_L0, 0, 1
0x041A	0x6E00      	MOVWF       R0 
0x041C	0x6A01      	CLRF        R1 
0x041E	0x0E00      	MOVLW       0
0x0420	0x2201      	ADDWFC      R1, 1 
0x0422	0x5000      	MOVF        R0, 0 
0x0424	0x254C      	ADDWF       FARG_cmd_prideti_teksta_derinamas_pradinis_tekstas, 0, 1
0x0426	0x6EE1      	MOVWF       FSR1L 
0x0428	0x5001      	MOVF        R1, 0 
0x042A	0x214D      	ADDWFC      FARG_cmd_prideti_teksta_derinamas_pradinis_tekstas+1, 0, 1
0x042C	0x6EE2      	MOVWF       FSR1H 
0x042E	0x5152      	MOVF        cmd_prideti_teksta_derinamas_i_L0, 0, 1
0x0430	0x254E      	ADDWF       FARG_cmd_prideti_teksta_derinamas_pridetas_tekstas, 0, 1
0x0432	0x6EE9      	MOVWF       FSR0L 
0x0434	0x0E00      	MOVLW       0
0x0436	0x214F      	ADDWFC      FARG_cmd_prideti_teksta_derinamas_pridetas_tekstas+1, 0, 1
0x0438	0x6EEA      	MOVWF       FSR0H 
0x043A	0xFFE6CFEE  	MOVFF       POSTINC0, POSTINC1
;baigiamasis_v2.c,191 :: 		for(i=0; b != 0; b --,i++) {
0x043E	0x0751      	DECF        cmd_prideti_teksta_derinamas_b_L0, 1, 1
0x0440	0x2B52      	INCF        cmd_prideti_teksta_derinamas_i_L0, 1, 1
;baigiamasis_v2.c,193 :: 		}
0x0442	0xD7E6      	BRA         L_cmd_prideti_teksta_derinamas11
L_cmd_prideti_teksta_derinamas12:
;baigiamasis_v2.c,194 :: 		pradinis_tekstas[a+i] = 0;
0x0444	0x5152      	MOVF        cmd_prideti_teksta_derinamas_i_L0, 0, 1
0x0446	0x2550      	ADDWF       cmd_prideti_teksta_derinamas_a_L0, 0, 1
0x0448	0x6E00      	MOVWF       R0 
0x044A	0x6A01      	CLRF        R1 
0x044C	0x0E00      	MOVLW       0
0x044E	0x2201      	ADDWFC      R1, 1 
0x0450	0x5000      	MOVF        R0, 0 
0x0452	0x254C      	ADDWF       FARG_cmd_prideti_teksta_derinamas_pradinis_tekstas, 0, 1
0x0454	0x6EE1      	MOVWF       FSR1L 
0x0456	0x5001      	MOVF        R1, 0 
0x0458	0x214D      	ADDWFC      FARG_cmd_prideti_teksta_derinamas_pradinis_tekstas+1, 0, 1
0x045A	0x6EE2      	MOVWF       FSR1H 
0x045C	0x6AE6      	CLRF        POSTINC1 
;baigiamasis_v2.c,195 :: 		return pradinis_tekstas;
0x045E	0xF000C24C  	MOVFF       FARG_cmd_prideti_teksta_derinamas_pradinis_tekstas, R0
0x0462	0xF001C24D  	MOVFF       FARG_cmd_prideti_teksta_derinamas_pradinis_tekstas+1, R1
;baigiamasis_v2.c,196 :: 		}
L_end_cmd_prideti_teksta_derinamas:
0x0466	0x0012      	RETURN      0
; end of _cmd_prideti_teksta_derinamas
_UART2_Init:
;__Lib_UART_c67d67.c,117 :: 		
;__Lib_UART_c67d67.c,120 :: 		
0x0468	0x0EE4      	MOVLW       _UART2_Write
0x046A	0x0102      	MOVLB       2
0x046C	0x6F28      	MOVWF       _UART_Wr_Ptr, 1
0x046E	0x0E02      	MOVLW       hi_addr(_UART2_Write)
0x0470	0x6F29      	MOVWF       _UART_Wr_Ptr+1, 1
0x0472	0x0E61      	MOVLW       FARG_UART2_Write_data_
0x0474	0x6F2A      	MOVWF       _UART_Wr_Ptr+2, 1
0x0476	0x0E02      	MOVLW       hi_addr(FARG_UART2_Write_data_)
0x0478	0x6F2B      	MOVWF       _UART_Wr_Ptr+3, 1
;__Lib_UART_c67d67.c,121 :: 		
0x047A	0x0EFF      	MOVLW       _UART2_Read
0x047C	0x6F34      	MOVWF       _UART_Rd_Ptr, 1
0x047E	0x0EFF      	MOVLW       hi_addr(_UART2_Read)
0x0480	0x6F35      	MOVWF       _UART_Rd_Ptr+1, 1
0x0482	0x0E00      	MOVLW       0
0x0484	0x6F36      	MOVWF       _UART_Rd_Ptr+2, 1
0x0486	0x0E00      	MOVLW       0
0x0488	0x6F37      	MOVWF       _UART_Rd_Ptr+3, 1
;__Lib_UART_c67d67.c,122 :: 		
0x048A	0x0EFF      	MOVLW       _UART2_Data_Ready
0x048C	0x6F30      	MOVWF       _UART_Rdy_Ptr, 1
0x048E	0x0EFF      	MOVLW       hi_addr(_UART2_Data_Ready)
0x0490	0x6F31      	MOVWF       _UART_Rdy_Ptr+1, 1
0x0492	0x0E00      	MOVLW       0
0x0494	0x6F32      	MOVWF       _UART_Rdy_Ptr+2, 1
0x0496	0x0E00      	MOVLW       0
0x0498	0x6F33      	MOVWF       _UART_Rdy_Ptr+3, 1
;__Lib_UART_c67d67.c,123 :: 		
0x049A	0x0EFF      	MOVLW       _UART2_Tx_Idle
0x049C	0x6F2C      	MOVWF       _UART_Tx_Idle_Ptr, 1
0x049E	0x0EFF      	MOVLW       hi_addr(_UART2_Tx_Idle)
0x04A0	0x6F2D      	MOVWF       _UART_Tx_Idle_Ptr+1, 1
0x04A2	0x0E00      	MOVLW       0
0x04A4	0x6F2E      	MOVWF       _UART_Tx_Idle_Ptr+2, 1
0x04A6	0x0E00      	MOVLW       0
0x04A8	0x6F2F      	MOVWF       _UART_Tx_Idle_Ptr+3, 1
;__Lib_UART_c67d67.c,125 :: 		
0x04AA	0x8A72      	BSF         TXSTA2, 5 
;__Lib_UART_c67d67.c,126 :: 		
0x04AC	0x0E90      	MOVLW       144
0x04AE	0x6E71      	MOVWF       RCSTA2 
;__Lib_UART_c67d67.c,127 :: 		
0x04B0	0x8E95      	BSF         TRISD7_bit, BitPos(TRISD7_bit+0) 
;__Lib_UART_c67d67.c,128 :: 		
0x04B2	0x9C95      	BCF         TRISD6_bit, BitPos(TRISD6_bit+0) 
;__Lib_UART_c67d67.c,130 :: 		
L_UART2_Init16:
0x04B4	0xAAA4      	BTFSS       RC2IF_bit, BitPos(RC2IF_bit+0) 
0x04B6	0xD003      	BRA         L_UART2_Init17
;__Lib_UART_c67d67.c,131 :: 		
0x04B8	0xF000CF74  	MOVFF       RCREG2, R0
0x04BC	0xD7FB      	BRA         L_UART2_Init16
L_UART2_Init17:
;__Lib_UART_c67d67.c,132 :: 		
L_end_UART2_Init:
0x04BE	0x0012      	RETURN      0
; end of _UART2_Init
_cmd_prideti_kintama:
;baigiamasis_v2.c,211 :: 		char *cmd_prideti_kintama(char *pradinis_tekstas, int pridetas_kintamas, char rn) {
;baigiamasis_v2.c,217 :: 		char * pridedamas_rn = "\r\n";
0x04C0	0x0E79      	MOVLW       ?lstr7_baigiamasis_v2
0x04C2	0x0102      	MOVLB       2
0x04C4	0x6F5F      	MOVWF       cmd_prideti_kintama_pridedamas_rn_L0, 1
0x04C6	0x0E01      	MOVLW       hi_addr(?lstr7_baigiamasis_v2)
0x04C8	0x6F60      	MOVWF       cmd_prideti_kintama_pridedamas_rn_L0+1, 1
;baigiamasis_v2.c,219 :: 		IntToStr(pridetas_kintamas,txt_tarpinis); // stringo pavidalu i txt_tarpinis irasomas integer kintamasis
0x04CA	0xF261C24E  	MOVFF       FARG_cmd_prideti_kintama_pridetas_kintamas, FARG_IntToStr_input
0x04CE	0xF262C24F  	MOVFF       FARG_cmd_prideti_kintama_pridetas_kintamas+1, FARG_IntToStr_input+1
0x04D2	0x0E58      	MOVLW       cmd_prideti_kintama_txt_tarpinis_L0
0x04D4	0x6F63      	MOVWF       FARG_IntToStr_output, 1
0x04D6	0x0E02      	MOVLW       hi_addr(cmd_prideti_kintama_txt_tarpinis_L0)
0x04D8	0x6F64      	MOVWF       FARG_IntToStr_output+1, 1
0x04DA	0xDE4E      	RCALL       _IntToStr
;baigiamasis_v2.c,220 :: 		kintamasChar = LTrim(txt_tarpinis); // panaikinami tarpai(space) is kaires puses
0x04DC	0x0E58      	MOVLW       cmd_prideti_kintama_txt_tarpinis_L0
0x04DE	0x6F61      	MOVWF       FARG_Ltrim_string, 1
0x04E0	0x0E02      	MOVLW       hi_addr(cmd_prideti_kintama_txt_tarpinis_L0)
0x04E2	0x6F62      	MOVWF       FARG_Ltrim_string+1, 1
0x04E4	0xDE11      	RCALL       _Ltrim
0x04E6	0xF252C000  	MOVFF       R0, cmd_prideti_kintama_kintamasChar_L0
0x04EA	0xF253C001  	MOVFF       R1, cmd_prideti_kintama_kintamasChar_L0+1
;baigiamasis_v2.c,221 :: 		visas_ilgis = cmd_zodzio_ilgis(kintamasChar); // Apskaiciuojamas ilgis pradinio kintamo
0x04EE	0xF26BC252  	MOVFF       cmd_prideti_kintama_kintamasChar_L0, FARG_cmd_zodzio_ilgis_str
0x04F2	0xF26CC253  	MOVFF       cmd_prideti_kintama_kintamasChar_L0+1, FARG_cmd_zodzio_ilgis_str+1
0x04F6	0xDDAD      	RCALL       _cmd_zodzio_ilgis
0x04F8	0xF251C000  	MOVFF       R0, cmd_prideti_kintama_visas_ilgis_L0
;baigiamasis_v2.c,222 :: 		resultas = strncat(pradinis_tekstas, kintamasChar, visas_ilgis); // i pradini teksta irasomas kintamas CHAR pavidalu
0x04FC	0xF261C24C  	MOVFF       FARG_cmd_prideti_kintama_pradinis_tekstas, FARG_strncat_to
0x0500	0xF262C24D  	MOVFF       FARG_cmd_prideti_kintama_pradinis_tekstas+1, FARG_strncat_to+1
0x0504	0xF263C252  	MOVFF       cmd_prideti_kintama_kintamasChar_L0, FARG_strncat_from
0x0508	0xF264C253  	MOVFF       cmd_prideti_kintama_kintamasChar_L0+1, FARG_strncat_from+1
0x050C	0xF265C251  	MOVFF       cmd_prideti_kintama_visas_ilgis_L0, FARG_strncat_size
0x0510	0x0E00      	MOVLW       0
0x0512	0x6F66      	MOVWF       FARG_strncat_size+1, 1
0x0514	0xDEA5      	RCALL       _strncat
0x0516	0xF254C000  	MOVFF       R0, cmd_prideti_kintama_resultas_L0
0x051A	0xF255C001  	MOVFF       R1, cmd_prideti_kintama_resultas_L0+1
;baigiamasis_v2.c,224 :: 		if(rn == 1){
0x051E	0x5150      	MOVF        FARG_cmd_prideti_kintama_rn, 0, 1
0x0520	0x0A01      	XORLW       1
0x0522	0xE112      	BNZ         L_cmd_prideti_kintama14
;baigiamasis_v2.c,225 :: 		galutinis_rezultatas = cmd_prideti_teksta(resultas,pridedamas_rn);
0x0524	0xF261C254  	MOVFF       cmd_prideti_kintama_resultas_L0, FARG_cmd_prideti_teksta_pradinis_tekstas
0x0528	0xF262C255  	MOVFF       cmd_prideti_kintama_resultas_L0+1, FARG_cmd_prideti_teksta_pradinis_tekstas+1
0x052C	0xF263C25F  	MOVFF       cmd_prideti_kintama_pridedamas_rn_L0, FARG_cmd_prideti_teksta_pridetas_tekstas
0x0530	0xF264C260  	MOVFF       cmd_prideti_kintama_pridedamas_rn_L0+1, FARG_cmd_prideti_teksta_pridetas_tekstas+1
0x0534	0xDEDD      	RCALL       _cmd_prideti_teksta
0x0536	0xF256C000  	MOVFF       R0, cmd_prideti_kintama_galutinis_rezultatas_L0
0x053A	0xF257C001  	MOVFF       R1, cmd_prideti_kintama_galutinis_rezultatas_L0+1
;baigiamasis_v2.c,226 :: 		return galutinis_rezultatas;
0x053E	0xF000C256  	MOVFF       cmd_prideti_kintama_galutinis_rezultatas_L0, R0
0x0542	0xF001C257  	MOVFF       cmd_prideti_kintama_galutinis_rezultatas_L0+1, R1
0x0546	0xD004      	BRA         L_end_cmd_prideti_kintama
;baigiamasis_v2.c,227 :: 		}
L_cmd_prideti_kintama14:
;baigiamasis_v2.c,228 :: 		return resultas;
0x0548	0xF000C254  	MOVFF       cmd_prideti_kintama_resultas_L0, R0
0x054C	0xF001C255  	MOVFF       cmd_prideti_kintama_resultas_L0+1, R1
;baigiamasis_v2.c,229 :: 		}
L_end_cmd_prideti_kintama:
0x0550	0x0012      	RETURN      0
; end of _cmd_prideti_kintama
_UART1_Write_Text:
;__Lib_UART_c67d67.c,71 :: 		
;__Lib_UART_c67d67.c,72 :: 		
0x0552	0x0102      	MOVLB       2
0x0554	0x6B4F      	CLRF        UART1_Write_Text_counter_L0, 1
;__Lib_UART_c67d67.c,74 :: 		
0x0556	0xFFE9C24C  	MOVFF       FARG_UART1_Write_Text_uart_text, FSR0L
0x055A	0xFFEAC24D  	MOVFF       FARG_UART1_Write_Text_uart_text+1, FSR0H
0x055E	0xF24ECFEE  	MOVFF       POSTINC0, UART1_Write_Text_data__L0
;__Lib_UART_c67d67.c,75 :: 		
L_UART1_Write_Text5:
0x0562	0x514E      	MOVF        UART1_Write_Text_data__L0, 0, 1
0x0564	0x0A00      	XORLW       0
0x0566	0xE00E      	BZ          L_UART1_Write_Text6
;__Lib_UART_c67d67.c,76 :: 		
0x0568	0xF261C24E  	MOVFF       UART1_Write_Text_data__L0, FARG_UART1_Write_data_
0x056C	0xDE72      	RCALL       _UART1_Write
;__Lib_UART_c67d67.c,77 :: 		
0x056E	0x0102      	MOVLB       2
0x0570	0x2B4F      	INCF        UART1_Write_Text_counter_L0, 1, 1
;__Lib_UART_c67d67.c,78 :: 		
0x0572	0x514F      	MOVF        UART1_Write_Text_counter_L0, 0, 1
0x0574	0x254C      	ADDWF       FARG_UART1_Write_Text_uart_text, 0, 1
0x0576	0x6EE9      	MOVWF       FSR0L 
0x0578	0x0E00      	MOVLW       0
0x057A	0x214D      	ADDWFC      FARG_UART1_Write_Text_uart_text+1, 0, 1
0x057C	0x6EEA      	MOVWF       FSR0H 
0x057E	0xF24ECFEE  	MOVFF       POSTINC0, UART1_Write_Text_data__L0
;__Lib_UART_c67d67.c,79 :: 		
0x0582	0xD7EF      	BRA         L_UART1_Write_Text5
L_UART1_Write_Text6:
;__Lib_UART_c67d67.c,80 :: 		
L_end_UART1_Write_Text:
0x0584	0x0012      	RETURN      0
; end of _UART1_Write_Text
_Mikrovaldiklio_Konfiguravimas:
;baigiamasis_v2.c,148 :: 		void Mikrovaldiklio_Konfiguravimas(){
;baigiamasis_v2.c,150 :: 		ANSELB = 0;
0x0586	0x010F      	MOVLB       15
0x0588	0x6B39      	CLRF        ANSELB, 1
;baigiamasis_v2.c,151 :: 		ANSELC = 0;
0x058A	0x6B3A      	CLRF        ANSELC, 1
;baigiamasis_v2.c,152 :: 		ANSELD = 0;
0x058C	0x6B3B      	CLRF        ANSELD, 1
;baigiamasis_v2.c,153 :: 		ANSELE = 0;
0x058E	0x6B3C      	CLRF        ANSELE, 1
;baigiamasis_v2.c,154 :: 		SLRCON = 0;
0x0590	0x6A60      	CLRF        SLRCON 
;baigiamasis_v2.c,157 :: 		TRISB=0x00;
0x0592	0x6A93      	CLRF        TRISB 
;baigiamasis_v2.c,158 :: 		}
L_end_Mikrovaldiklio_Konfiguravimas:
0x0594	0x0012      	RETURN      0
; end of _Mikrovaldiklio_Konfiguravimas
___CC2DW:
;__Lib_System.c,21 :: 		
;__Lib_System.c,23 :: 		
_CC2DL_Loop1:
;__Lib_System.c,24 :: 		
0x0596	0x0009      	TBLRD*+
;__Lib_System.c,25 :: 		
0x0598	0xFFE6CFF5  	MOVFF       TABLAT, POSTINC1
;__Lib_System.c,26 :: 		
0x059C	0x0600      	DECF        R0, 1, 0
;__Lib_System.c,27 :: 		
0x059E	0xE1FB      	BNZ         _CC2DL_Loop1
;__Lib_System.c,28 :: 		
0x05A0	0x0601      	DECF        R1, 1, 0
;__Lib_System.c,29 :: 		
0x05A2	0xE1F9      	BNZ         _CC2DL_Loop1
;__Lib_System.c,31 :: 		
L_end___CC2DW:
0x05A4	0x0012      	RETURN      0
; end of ___CC2DW
_WiFi_inicializacija:
;baigiamasis_v2.c,124 :: 		void WiFi_inicializacija(){
;baigiamasis_v2.c,125 :: 		delay_ms(50);
0x05A6	0x0E02      	MOVLW       2
0x05A8	0x6E0B      	MOVWF       R11, 0
0x05AA	0x0E04      	MOVLW       4
0x05AC	0x6E0C      	MOVWF       R12, 0
0x05AE	0x0EBA      	MOVLW       186
0x05B0	0x6E0D      	MOVWF       R13, 0
L_WiFi_inicializacija0:
0x05B2	0x2E0D      	DECFSZ      R13, 1, 0
0x05B4	0xD7FE      	BRA         L_WiFi_inicializacija0
0x05B6	0x2E0C      	DECFSZ      R12, 1, 0
0x05B8	0xD7FC      	BRA         L_WiFi_inicializacija0
0x05BA	0x2E0B      	DECFSZ      R11, 1, 0
0x05BC	0xD7FA      	BRA         L_WiFi_inicializacija0
0x05BE	0x0000      	NOP
;baigiamasis_v2.c,127 :: 		UART1_Init(UART_band_rate);
0x05C0	0x86B8      	BSF         BAUDCON, 3, 0
0x05C2	0x0E01      	MOVLW       1
0x05C4	0x6EB0      	MOVWF       SPBRGH 
0x05C6	0x0EA0      	MOVLW       160
0x05C8	0x6EAF      	MOVWF       SPBRG 
0x05CA	0x84AC      	BSF         TXSTA, 2, 0
0x05CC	0xDECC      	RCALL       _UART1_Init
;baigiamasis_v2.c,128 :: 		UART2_Init(UART_band_rate);
0x05CE	0x8670      	BSF         BAUDCON2, 3, 0
0x05D0	0x0E01      	MOVLW       1
0x05D2	0x6E76      	MOVWF       SPBRGH2 
0x05D4	0x0EA0      	MOVLW       160
0x05D6	0x6E75      	MOVWF       SPBRG2 
0x05D8	0x8472      	BSF         TXSTA2, 2, 0
0x05DA	0xDF46      	RCALL       _UART2_Init
;baigiamasis_v2.c,129 :: 		UART1_Write_Text("ATE0\r\n");
0x05DC	0x0E64      	MOVLW       ?lstr2_baigiamasis_v2
0x05DE	0x6F4C      	MOVWF       FARG_UART1_Write_Text_uart_text, 1
0x05E0	0x0E00      	MOVLW       hi_addr(?lstr2_baigiamasis_v2)
0x05E2	0x6F4D      	MOVWF       FARG_UART1_Write_Text_uart_text+1, 1
0x05E4	0xDFB6      	RCALL       _UART1_Write_Text
;baigiamasis_v2.c,130 :: 		delay_ms(1000);
0x05E6	0x0E15      	MOVLW       21
0x05E8	0x6E0B      	MOVWF       R11, 0
0x05EA	0x0E4B      	MOVLW       75
0x05EC	0x6E0C      	MOVWF       R12, 0
0x05EE	0x0EBE      	MOVLW       190
0x05F0	0x6E0D      	MOVWF       R13, 0
L_WiFi_inicializacija1:
0x05F2	0x2E0D      	DECFSZ      R13, 1, 0
0x05F4	0xD7FE      	BRA         L_WiFi_inicializacija1
0x05F6	0x2E0C      	DECFSZ      R12, 1, 0
0x05F8	0xD7FC      	BRA         L_WiFi_inicializacija1
0x05FA	0x2E0B      	DECFSZ      R11, 1, 0
0x05FC	0xD7FA      	BRA         L_WiFi_inicializacija1
0x05FE	0x0000      	NOP
;baigiamasis_v2.c,131 :: 		UART1_Write_Text("AT+CWMODE=3\r\n"); // 3 AP + Station mode- modulio veikimas nustatomas kliento ir hosto rezimu
0x0600	0x0E56      	MOVLW       ?lstr3_baigiamasis_v2
0x0602	0x6F4C      	MOVWF       FARG_UART1_Write_Text_uart_text, 1
0x0604	0x0E00      	MOVLW       hi_addr(?lstr3_baigiamasis_v2)
0x0606	0x6F4D      	MOVWF       FARG_UART1_Write_Text_uart_text+1, 1
0x0608	0xDFA4      	RCALL       _UART1_Write_Text
;baigiamasis_v2.c,132 :: 		delay_ms(1000);
0x060A	0x0E15      	MOVLW       21
0x060C	0x6E0B      	MOVWF       R11, 0
0x060E	0x0E4B      	MOVLW       75
0x0610	0x6E0C      	MOVWF       R12, 0
0x0612	0x0EBE      	MOVLW       190
0x0614	0x6E0D      	MOVWF       R13, 0
L_WiFi_inicializacija2:
0x0616	0x2E0D      	DECFSZ      R13, 1, 0
0x0618	0xD7FE      	BRA         L_WiFi_inicializacija2
0x061A	0x2E0C      	DECFSZ      R12, 1, 0
0x061C	0xD7FC      	BRA         L_WiFi_inicializacija2
0x061E	0x2E0B      	DECFSZ      R11, 1, 0
0x0620	0xD7FA      	BRA         L_WiFi_inicializacija2
0x0622	0x0000      	NOP
;baigiamasis_v2.c,134 :: 		}
L_end_WiFi_inicializacija:
0x0624	0x0012      	RETURN      0
; end of _WiFi_inicializacija
_cmd_3_skaiciuoti_simboliu_skaiciu:
;baigiamasis_v2.c,246 :: 		char *cmd_3_skaiciuoti_simboliu_skaiciu() {
;baigiamasis_v2.c,252 :: 		cmd_3_serial = derinimas_cmd_3_serial;
0x0626	0x0E01      	MOVLW       1
0x0628	0x0102      	MOVLB       2
0x062A	0x6F44      	MOVWF       _cmd_3_serial, 1
0x062C	0x0E00      	MOVLW       0
0x062E	0x6F45      	MOVWF       _cmd_3_serial+1, 1
;baigiamasis_v2.c,253 :: 		cmd_3_temp = derinimas_cmd_3_temp;
0x0630	0x0E04      	MOVLW       4
0x0632	0x6F42      	MOVWF       _cmd_3_temp, 1
0x0634	0x0E00      	MOVLW       0
0x0636	0x6F43      	MOVWF       _cmd_3_temp+1, 1
;baigiamasis_v2.c,254 :: 		cmd_3_co = derinimas_cmd_3_co;
0x0638	0x0E04      	MOVLW       4
0x063A	0x6F40      	MOVWF       _cmd_3_co, 1
0x063C	0x0E00      	MOVLW       0
0x063E	0x6F41      	MOVWF       _cmd_3_co+1, 1
;baigiamasis_v2.c,255 :: 		cmd_3_smoke = derinimas_cmd_3_smoke;
0x0640	0x0E04      	MOVLW       4
0x0642	0x6F26      	MOVWF       _cmd_3_smoke, 1
0x0644	0x0E00      	MOVLW       0
0x0646	0x6F27      	MOVWF       _cmd_3_smoke+1, 1
;baigiamasis_v2.c,256 :: 		cmd_3_humidity = derinimas_cmd_3_humidity;
0x0648	0x0E04      	MOVLW       4
0x064A	0x6F24      	MOVWF       _cmd_3_humidity, 1
0x064C	0x0E00      	MOVLW       0
0x064E	0x6F25      	MOVWF       _cmd_3_humidity+1, 1
;baigiamasis_v2.c,258 :: 		cmd_3_duomenys = "\r\n\r\n";
0x0650	0x0E43      	MOVLW       ?lstr8_baigiamasis_v2
0x0652	0x6F22      	MOVWF       _cmd_3_duomenys, 1
0x0654	0x0E00      	MOVLW       hi_addr(?lstr8_baigiamasis_v2)
0x0656	0x6F23      	MOVWF       _cmd_3_duomenys+1, 1
;baigiamasis_v2.c,259 :: 		cmd_3_duomenys = cmd_prideti_teksta(cmd_3_duomenys,"serial=");
0x0658	0xF261C222  	MOVFF       _cmd_3_duomenys, FARG_cmd_prideti_teksta_pradinis_tekstas
0x065C	0xF262C223  	MOVFF       _cmd_3_duomenys+1, FARG_cmd_prideti_teksta_pradinis_tekstas+1
0x0660	0x0E3B      	MOVLW       ?lstr9_baigiamasis_v2
0x0662	0x6F63      	MOVWF       FARG_cmd_prideti_teksta_pridetas_tekstas, 1
0x0664	0x0E00      	MOVLW       hi_addr(?lstr9_baigiamasis_v2)
0x0666	0x6F64      	MOVWF       FARG_cmd_prideti_teksta_pridetas_tekstas+1, 1
0x0668	0xDE43      	RCALL       _cmd_prideti_teksta
0x066A	0xF222C000  	MOVFF       R0, _cmd_3_duomenys
0x066E	0xF223C001  	MOVFF       R1, _cmd_3_duomenys+1
;baigiamasis_v2.c,260 :: 		delay_ms(50);
0x0672	0x0E02      	MOVLW       2
0x0674	0x6E0B      	MOVWF       R11, 0
0x0676	0x0E04      	MOVLW       4
0x0678	0x6E0C      	MOVWF       R12, 0
0x067A	0x0EBA      	MOVLW       186
0x067C	0x6E0D      	MOVWF       R13, 0
L_cmd_3_skaiciuoti_simboliu_skaiciu15:
0x067E	0x2E0D      	DECFSZ      R13, 1, 0
0x0680	0xD7FE      	BRA         L_cmd_3_skaiciuoti_simboliu_skaiciu15
0x0682	0x2E0C      	DECFSZ      R12, 1, 0
0x0684	0xD7FC      	BRA         L_cmd_3_skaiciuoti_simboliu_skaiciu15
0x0686	0x2E0B      	DECFSZ      R11, 1, 0
0x0688	0xD7FA      	BRA         L_cmd_3_skaiciuoti_simboliu_skaiciu15
0x068A	0x0000      	NOP
;baigiamasis_v2.c,261 :: 		cmd_3_duomenys = cmd_prideti_kintama(cmd_3_duomenys,cmd_3_serial,0);
0x068C	0xF24CC222  	MOVFF       _cmd_3_duomenys, FARG_cmd_prideti_kintama_pradinis_tekstas
0x0690	0xF24DC223  	MOVFF       _cmd_3_duomenys+1, FARG_cmd_prideti_kintama_pradinis_tekstas+1
0x0694	0xF24EC244  	MOVFF       _cmd_3_serial, FARG_cmd_prideti_kintama_pridetas_kintamas
0x0698	0xF24FC245  	MOVFF       _cmd_3_serial+1, FARG_cmd_prideti_kintama_pridetas_kintamas+1
0x069C	0x6B50      	CLRF        FARG_cmd_prideti_kintama_rn, 1
0x069E	0xDF10      	RCALL       _cmd_prideti_kintama
0x06A0	0xF222C000  	MOVFF       R0, _cmd_3_duomenys
0x06A4	0xF223C001  	MOVFF       R1, _cmd_3_duomenys+1
;baigiamasis_v2.c,262 :: 		delay_ms(50);
0x06A8	0x0E02      	MOVLW       2
0x06AA	0x6E0B      	MOVWF       R11, 0
0x06AC	0x0E04      	MOVLW       4
0x06AE	0x6E0C      	MOVWF       R12, 0
0x06B0	0x0EBA      	MOVLW       186
0x06B2	0x6E0D      	MOVWF       R13, 0
L_cmd_3_skaiciuoti_simboliu_skaiciu16:
0x06B4	0x2E0D      	DECFSZ      R13, 1, 0
0x06B6	0xD7FE      	BRA         L_cmd_3_skaiciuoti_simboliu_skaiciu16
0x06B8	0x2E0C      	DECFSZ      R12, 1, 0
0x06BA	0xD7FC      	BRA         L_cmd_3_skaiciuoti_simboliu_skaiciu16
0x06BC	0x2E0B      	DECFSZ      R11, 1, 0
0x06BE	0xD7FA      	BRA         L_cmd_3_skaiciuoti_simboliu_skaiciu16
0x06C0	0x0000      	NOP
;baigiamasis_v2.c,263 :: 		cmd_3_duomenys = cmd_prideti_teksta(cmd_3_duomenys,"&temp=");
0x06C2	0xF261C222  	MOVFF       _cmd_3_duomenys, FARG_cmd_prideti_teksta_pradinis_tekstas
0x06C6	0xF262C223  	MOVFF       _cmd_3_duomenys+1, FARG_cmd_prideti_teksta_pradinis_tekstas+1
0x06CA	0x0E34      	MOVLW       ?lstr10_baigiamasis_v2
0x06CC	0x6F63      	MOVWF       FARG_cmd_prideti_teksta_pridetas_tekstas, 1
0x06CE	0x0E00      	MOVLW       hi_addr(?lstr10_baigiamasis_v2)
0x06D0	0x6F64      	MOVWF       FARG_cmd_prideti_teksta_pridetas_tekstas+1, 1
0x06D2	0xDE0E      	RCALL       _cmd_prideti_teksta
0x06D4	0xF222C000  	MOVFF       R0, _cmd_3_duomenys
0x06D8	0xF223C001  	MOVFF       R1, _cmd_3_duomenys+1
;baigiamasis_v2.c,264 :: 		delay_ms(50);
0x06DC	0x0E02      	MOVLW       2
0x06DE	0x6E0B      	MOVWF       R11, 0
0x06E0	0x0E04      	MOVLW       4
0x06E2	0x6E0C      	MOVWF       R12, 0
0x06E4	0x0EBA      	MOVLW       186
0x06E6	0x6E0D      	MOVWF       R13, 0
L_cmd_3_skaiciuoti_simboliu_skaiciu17:
0x06E8	0x2E0D      	DECFSZ      R13, 1, 0
0x06EA	0xD7FE      	BRA         L_cmd_3_skaiciuoti_simboliu_skaiciu17
0x06EC	0x2E0C      	DECFSZ      R12, 1, 0
0x06EE	0xD7FC      	BRA         L_cmd_3_skaiciuoti_simboliu_skaiciu17
0x06F0	0x2E0B      	DECFSZ      R11, 1, 0
0x06F2	0xD7FA      	BRA         L_cmd_3_skaiciuoti_simboliu_skaiciu17
0x06F4	0x0000      	NOP
;baigiamasis_v2.c,265 :: 		cmd_3_duomenys = cmd_prideti_kintama(cmd_3_duomenys,cmd_3_temp,0);
0x06F6	0xF24CC222  	MOVFF       _cmd_3_duomenys, FARG_cmd_prideti_kintama_pradinis_tekstas
0x06FA	0xF24DC223  	MOVFF       _cmd_3_duomenys+1, FARG_cmd_prideti_kintama_pradinis_tekstas+1
0x06FE	0xF24EC242  	MOVFF       _cmd_3_temp, FARG_cmd_prideti_kintama_pridetas_kintamas
0x0702	0xF24FC243  	MOVFF       _cmd_3_temp+1, FARG_cmd_prideti_kintama_pridetas_kintamas+1
0x0706	0x6B50      	CLRF        FARG_cmd_prideti_kintama_rn, 1
0x0708	0xDEDB      	RCALL       _cmd_prideti_kintama
0x070A	0xF222C000  	MOVFF       R0, _cmd_3_duomenys
0x070E	0xF223C001  	MOVFF       R1, _cmd_3_duomenys+1
;baigiamasis_v2.c,266 :: 		delay_ms(50);
0x0712	0x0E02      	MOVLW       2
0x0714	0x6E0B      	MOVWF       R11, 0
0x0716	0x0E04      	MOVLW       4
0x0718	0x6E0C      	MOVWF       R12, 0
0x071A	0x0EBA      	MOVLW       186
0x071C	0x6E0D      	MOVWF       R13, 0
L_cmd_3_skaiciuoti_simboliu_skaiciu18:
0x071E	0x2E0D      	DECFSZ      R13, 1, 0
0x0720	0xD7FE      	BRA         L_cmd_3_skaiciuoti_simboliu_skaiciu18
0x0722	0x2E0C      	DECFSZ      R12, 1, 0
0x0724	0xD7FC      	BRA         L_cmd_3_skaiciuoti_simboliu_skaiciu18
0x0726	0x2E0B      	DECFSZ      R11, 1, 0
0x0728	0xD7FA      	BRA         L_cmd_3_skaiciuoti_simboliu_skaiciu18
0x072A	0x0000      	NOP
;baigiamasis_v2.c,267 :: 		cmd_3_duomenys = cmd_prideti_teksta(cmd_3_duomenys,"&co=");
0x072C	0xF261C222  	MOVFF       _cmd_3_duomenys, FARG_cmd_prideti_teksta_pradinis_tekstas
0x0730	0xF262C223  	MOVFF       _cmd_3_duomenys+1, FARG_cmd_prideti_teksta_pradinis_tekstas+1
0x0734	0x0E2F      	MOVLW       ?lstr11_baigiamasis_v2
0x0736	0x6F63      	MOVWF       FARG_cmd_prideti_teksta_pridetas_tekstas, 1
0x0738	0x0E00      	MOVLW       hi_addr(?lstr11_baigiamasis_v2)
0x073A	0x6F64      	MOVWF       FARG_cmd_prideti_teksta_pridetas_tekstas+1, 1
0x073C	0xDDD9      	RCALL       _cmd_prideti_teksta
0x073E	0xF222C000  	MOVFF       R0, _cmd_3_duomenys
0x0742	0xF223C001  	MOVFF       R1, _cmd_3_duomenys+1
;baigiamasis_v2.c,268 :: 		delay_ms(50);
0x0746	0x0E02      	MOVLW       2
0x0748	0x6E0B      	MOVWF       R11, 0
0x074A	0x0E04      	MOVLW       4
0x074C	0x6E0C      	MOVWF       R12, 0
0x074E	0x0EBA      	MOVLW       186
0x0750	0x6E0D      	MOVWF       R13, 0
L_cmd_3_skaiciuoti_simboliu_skaiciu19:
0x0752	0x2E0D      	DECFSZ      R13, 1, 0
0x0754	0xD7FE      	BRA         L_cmd_3_skaiciuoti_simboliu_skaiciu19
0x0756	0x2E0C      	DECFSZ      R12, 1, 0
0x0758	0xD7FC      	BRA         L_cmd_3_skaiciuoti_simboliu_skaiciu19
0x075A	0x2E0B      	DECFSZ      R11, 1, 0
0x075C	0xD7FA      	BRA         L_cmd_3_skaiciuoti_simboliu_skaiciu19
0x075E	0x0000      	NOP
;baigiamasis_v2.c,269 :: 		cmd_3_duomenys = cmd_prideti_kintama(cmd_3_duomenys,cmd_3_co,0);
0x0760	0xF24CC222  	MOVFF       _cmd_3_duomenys, FARG_cmd_prideti_kintama_pradinis_tekstas
0x0764	0xF24DC223  	MOVFF       _cmd_3_duomenys+1, FARG_cmd_prideti_kintama_pradinis_tekstas+1
0x0768	0xF24EC240  	MOVFF       _cmd_3_co, FARG_cmd_prideti_kintama_pridetas_kintamas
0x076C	0xF24FC241  	MOVFF       _cmd_3_co+1, FARG_cmd_prideti_kintama_pridetas_kintamas+1
0x0770	0x6B50      	CLRF        FARG_cmd_prideti_kintama_rn, 1
0x0772	0xDEA6      	RCALL       _cmd_prideti_kintama
0x0774	0xF222C000  	MOVFF       R0, _cmd_3_duomenys
0x0778	0xF223C001  	MOVFF       R1, _cmd_3_duomenys+1
;baigiamasis_v2.c,270 :: 		delay_ms(50);
0x077C	0x0E02      	MOVLW       2
0x077E	0x6E0B      	MOVWF       R11, 0
0x0780	0x0E04      	MOVLW       4
0x0782	0x6E0C      	MOVWF       R12, 0
0x0784	0x0EBA      	MOVLW       186
0x0786	0x6E0D      	MOVWF       R13, 0
L_cmd_3_skaiciuoti_simboliu_skaiciu20:
0x0788	0x2E0D      	DECFSZ      R13, 1, 0
0x078A	0xD7FE      	BRA         L_cmd_3_skaiciuoti_simboliu_skaiciu20
0x078C	0x2E0C      	DECFSZ      R12, 1, 0
0x078E	0xD7FC      	BRA         L_cmd_3_skaiciuoti_simboliu_skaiciu20
0x0790	0x2E0B      	DECFSZ      R11, 1, 0
0x0792	0xD7FA      	BRA         L_cmd_3_skaiciuoti_simboliu_skaiciu20
0x0794	0x0000      	NOP
;baigiamasis_v2.c,271 :: 		cmd_3_duomenys = cmd_prideti_teksta(cmd_3_duomenys,"&smoke=");
0x0796	0xF261C222  	MOVFF       _cmd_3_duomenys, FARG_cmd_prideti_teksta_pradinis_tekstas
0x079A	0xF262C223  	MOVFF       _cmd_3_duomenys+1, FARG_cmd_prideti_teksta_pradinis_tekstas+1
0x079E	0x0E22      	MOVLW       ?lstr12_baigiamasis_v2
0x07A0	0x6F63      	MOVWF       FARG_cmd_prideti_teksta_pridetas_tekstas, 1
0x07A2	0x0E00      	MOVLW       hi_addr(?lstr12_baigiamasis_v2)
0x07A4	0x6F64      	MOVWF       FARG_cmd_prideti_teksta_pridetas_tekstas+1, 1
0x07A6	0xDDA4      	RCALL       _cmd_prideti_teksta
0x07A8	0xF222C000  	MOVFF       R0, _cmd_3_duomenys
0x07AC	0xF223C001  	MOVFF       R1, _cmd_3_duomenys+1
;baigiamasis_v2.c,272 :: 		delay_ms(50);
0x07B0	0x0E02      	MOVLW       2
0x07B2	0x6E0B      	MOVWF       R11, 0
0x07B4	0x0E04      	MOVLW       4
0x07B6	0x6E0C      	MOVWF       R12, 0
0x07B8	0x0EBA      	MOVLW       186
0x07BA	0x6E0D      	MOVWF       R13, 0
L_cmd_3_skaiciuoti_simboliu_skaiciu21:
0x07BC	0x2E0D      	DECFSZ      R13, 1, 0
0x07BE	0xD7FE      	BRA         L_cmd_3_skaiciuoti_simboliu_skaiciu21
0x07C0	0x2E0C      	DECFSZ      R12, 1, 0
0x07C2	0xD7FC      	BRA         L_cmd_3_skaiciuoti_simboliu_skaiciu21
0x07C4	0x2E0B      	DECFSZ      R11, 1, 0
0x07C6	0xD7FA      	BRA         L_cmd_3_skaiciuoti_simboliu_skaiciu21
0x07C8	0x0000      	NOP
;baigiamasis_v2.c,273 :: 		cmd_3_duomenys = cmd_prideti_kintama(cmd_3_duomenys,cmd_3_smoke,0);
0x07CA	0xF24CC222  	MOVFF       _cmd_3_duomenys, FARG_cmd_prideti_kintama_pradinis_tekstas
0x07CE	0xF24DC223  	MOVFF       _cmd_3_duomenys+1, FARG_cmd_prideti_kintama_pradinis_tekstas+1
0x07D2	0xF24EC226  	MOVFF       _cmd_3_smoke, FARG_cmd_prideti_kintama_pridetas_kintamas
0x07D6	0xF24FC227  	MOVFF       _cmd_3_smoke+1, FARG_cmd_prideti_kintama_pridetas_kintamas+1
0x07DA	0x6B50      	CLRF        FARG_cmd_prideti_kintama_rn, 1
0x07DC	0xDE71      	RCALL       _cmd_prideti_kintama
0x07DE	0xF222C000  	MOVFF       R0, _cmd_3_duomenys
0x07E2	0xF223C001  	MOVFF       R1, _cmd_3_duomenys+1
;baigiamasis_v2.c,274 :: 		delay_ms(50);
0x07E6	0x0E02      	MOVLW       2
0x07E8	0x6E0B      	MOVWF       R11, 0
0x07EA	0x0E04      	MOVLW       4
0x07EC	0x6E0C      	MOVWF       R12, 0
0x07EE	0x0EBA      	MOVLW       186
0x07F0	0x6E0D      	MOVWF       R13, 0
L_cmd_3_skaiciuoti_simboliu_skaiciu22:
0x07F2	0x2E0D      	DECFSZ      R13, 1, 0
0x07F4	0xD7FE      	BRA         L_cmd_3_skaiciuoti_simboliu_skaiciu22
0x07F6	0x2E0C      	DECFSZ      R12, 1, 0
0x07F8	0xD7FC      	BRA         L_cmd_3_skaiciuoti_simboliu_skaiciu22
0x07FA	0x2E0B      	DECFSZ      R11, 1, 0
0x07FC	0xD7FA      	BRA         L_cmd_3_skaiciuoti_simboliu_skaiciu22
0x07FE	0x0000      	NOP
;baigiamasis_v2.c,275 :: 		cmd_3_duomenys = cmd_prideti_teksta(cmd_3_duomenys,"&humidity=");
0x0800	0xF261C222  	MOVFF       _cmd_3_duomenys, FARG_cmd_prideti_teksta_pradinis_tekstas
0x0804	0xF262C223  	MOVFF       _cmd_3_duomenys+1, FARG_cmd_prideti_teksta_pradinis_tekstas+1
0x0808	0x0E17      	MOVLW       ?lstr13_baigiamasis_v2
0x080A	0x6F63      	MOVWF       FARG_cmd_prideti_teksta_pridetas_tekstas, 1
0x080C	0x0E00      	MOVLW       hi_addr(?lstr13_baigiamasis_v2)
0x080E	0x6F64      	MOVWF       FARG_cmd_prideti_teksta_pridetas_tekstas+1, 1
0x0810	0xDD6F      	RCALL       _cmd_prideti_teksta
0x0812	0xF222C000  	MOVFF       R0, _cmd_3_duomenys
0x0816	0xF223C001  	MOVFF       R1, _cmd_3_duomenys+1
;baigiamasis_v2.c,276 :: 		delay_ms(50);
0x081A	0x0E02      	MOVLW       2
0x081C	0x6E0B      	MOVWF       R11, 0
0x081E	0x0E04      	MOVLW       4
0x0820	0x6E0C      	MOVWF       R12, 0
0x0822	0x0EBA      	MOVLW       186
0x0824	0x6E0D      	MOVWF       R13, 0
L_cmd_3_skaiciuoti_simboliu_skaiciu23:
0x0826	0x2E0D      	DECFSZ      R13, 1, 0
0x0828	0xD7FE      	BRA         L_cmd_3_skaiciuoti_simboliu_skaiciu23
0x082A	0x2E0C      	DECFSZ      R12, 1, 0
0x082C	0xD7FC      	BRA         L_cmd_3_skaiciuoti_simboliu_skaiciu23
0x082E	0x2E0B      	DECFSZ      R11, 1, 0
0x0830	0xD7FA      	BRA         L_cmd_3_skaiciuoti_simboliu_skaiciu23
0x0832	0x0000      	NOP
;baigiamasis_v2.c,277 :: 		cmd_3_duomenys = cmd_prideti_kintama(cmd_3_duomenys,cmd_3_humidity,0);
0x0834	0xF24CC222  	MOVFF       _cmd_3_duomenys, FARG_cmd_prideti_kintama_pradinis_tekstas
0x0838	0xF24DC223  	MOVFF       _cmd_3_duomenys+1, FARG_cmd_prideti_kintama_pradinis_tekstas+1
0x083C	0xF24EC224  	MOVFF       _cmd_3_humidity, FARG_cmd_prideti_kintama_pridetas_kintamas
0x0840	0xF24FC225  	MOVFF       _cmd_3_humidity+1, FARG_cmd_prideti_kintama_pridetas_kintamas+1
0x0844	0x6B50      	CLRF        FARG_cmd_prideti_kintama_rn, 1
0x0846	0xDE3C      	RCALL       _cmd_prideti_kintama
0x0848	0xF222C000  	MOVFF       R0, _cmd_3_duomenys
0x084C	0xF223C001  	MOVFF       R1, _cmd_3_duomenys+1
;baigiamasis_v2.c,278 :: 		delay_ms(50);
0x0850	0x0E02      	MOVLW       2
0x0852	0x6E0B      	MOVWF       R11, 0
0x0854	0x0E04      	MOVLW       4
0x0856	0x6E0C      	MOVWF       R12, 0
0x0858	0x0EBA      	MOVLW       186
0x085A	0x6E0D      	MOVWF       R13, 0
L_cmd_3_skaiciuoti_simboliu_skaiciu24:
0x085C	0x2E0D      	DECFSZ      R13, 1, 0
0x085E	0xD7FE      	BRA         L_cmd_3_skaiciuoti_simboliu_skaiciu24
0x0860	0x2E0C      	DECFSZ      R12, 1, 0
0x0862	0xD7FC      	BRA         L_cmd_3_skaiciuoti_simboliu_skaiciu24
0x0864	0x2E0B      	DECFSZ      R11, 1, 0
0x0866	0xD7FA      	BRA         L_cmd_3_skaiciuoti_simboliu_skaiciu24
0x0868	0x0000      	NOP
;baigiamasis_v2.c,280 :: 		cmd_2 = cmd_zodzio_ilgis(cmd_3_duomenys) - 4;
0x086A	0xF26BC222  	MOVFF       _cmd_3_duomenys, FARG_cmd_zodzio_ilgis_str
0x086E	0xF26CC223  	MOVFF       _cmd_3_duomenys+1, FARG_cmd_zodzio_ilgis_str+1
0x0872	0xF000EC29  	CALL        _cmd_zodzio_ilgis, 0
0x0876	0x0E04      	MOVLW       4
0x0878	0x5C00      	SUBWF       R0, 0 
0x087A	0x6E15      	MOVWF       _cmd_2 
0x087C	0x0E00      	MOVLW       0
0x087E	0x5801      	SUBWFB      R1, 0 
0x0880	0x6E16      	MOVWF       _cmd_2+1 
;baigiamasis_v2.c,281 :: 		return cmd_2;
0x0882	0xF000C015  	MOVFF       _cmd_2, R0
0x0886	0xF001C016  	MOVFF       _cmd_2+1, R1
;baigiamasis_v2.c,282 :: 		}
L_end_cmd_3_skaiciuoti_simboliu_skaiciu:
0x088A	0x0012      	RETURN      0
; end of _cmd_3_skaiciuoti_simboliu_skaiciu
_cmd_prideti_newline:
;baigiamasis_v2.c,199 :: 		char *cmd_prideti_newline(char *input) {
;baigiamasis_v2.c,200 :: 		char * pridedamas_rn = "\r\n";
0x088C	0x0E2C      	MOVLW       ?lstr6_baigiamasis_v2
0x088E	0x0102      	MOVLB       2
0x0890	0x6F4A      	MOVWF       cmd_prideti_newline_pridedamas_rn_L0, 1
0x0892	0x0E00      	MOVLW       hi_addr(?lstr6_baigiamasis_v2)
0x0894	0x6F4B      	MOVWF       cmd_prideti_newline_pridedamas_rn_L0+1, 1
;baigiamasis_v2.c,202 :: 		UART2_Write_Text(pridedamas_rn);
0x0896	0xF24CC24A  	MOVFF       cmd_prideti_newline_pridedamas_rn_L0, FARG_UART2_Write_Text_uart_text
0x089A	0xF24DC24B  	MOVFF       cmd_prideti_newline_pridedamas_rn_L0+1, FARG_UART2_Write_Text_uart_text+1
0x089E	0xDD8F      	RCALL       _UART2_Write_Text
;baigiamasis_v2.c,204 :: 		output = cmd_prideti_teksta_derinamas(input,pridedamas_rn);
0x08A0	0xF24CC246  	MOVFF       FARG_cmd_prideti_newline_input, FARG_cmd_prideti_teksta_derinamas_pradinis_tekstas
0x08A4	0xF24DC247  	MOVFF       FARG_cmd_prideti_newline_input+1, FARG_cmd_prideti_teksta_derinamas_pradinis_tekstas+1
0x08A8	0xF24EC24A  	MOVFF       cmd_prideti_newline_pridedamas_rn_L0, FARG_cmd_prideti_teksta_derinamas_pridetas_tekstas
0x08AC	0xF24FC24B  	MOVFF       cmd_prideti_newline_pridedamas_rn_L0+1, FARG_cmd_prideti_teksta_derinamas_pridetas_tekstas+1
0x08B0	0xDDA0      	RCALL       _cmd_prideti_teksta_derinamas
0x08B2	0xF248C000  	MOVFF       R0, cmd_prideti_newline_output_L0
0x08B6	0xF249C001  	MOVFF       R1, cmd_prideti_newline_output_L0+1
;baigiamasis_v2.c,205 :: 		return output;
0x08BA	0xF000C248  	MOVFF       cmd_prideti_newline_output_L0, R0
0x08BE	0xF001C249  	MOVFF       cmd_prideti_newline_output_L0+1, R1
;baigiamasis_v2.c,206 :: 		}
L_end_cmd_prideti_newline:
0x08C2	0x0012      	RETURN      0
; end of _cmd_prideti_newline
_main:
0x08C4	0xF005ECFD  	CALL        3066, 0
;baigiamasis_v2.c,286 :: 		void main() {
;baigiamasis_v2.c,290 :: 		Mikrovaldiklio_Konfiguravimas();
0x08C8	0xDE5E      	RCALL       _Mikrovaldiklio_Konfiguravimas
;baigiamasis_v2.c,292 :: 		WiFi_inicializacija();
0x08CA	0xDE6D      	RCALL       _WiFi_inicializacija
;baigiamasis_v2.c,294 :: 		cmd_2 = cmd_3_skaiciuoti_simboliu_skaiciu(); // skaiciuoja teisingai, grazina 39 reiksme
0x08CC	0xDEAC      	RCALL       _cmd_3_skaiciuoti_simboliu_skaiciu
0x08CE	0xF015C000  	MOVFF       R0, _cmd_2
0x08D2	0xF016C001  	MOVFF       R1, _cmd_2+1
;baigiamasis_v2.c,295 :: 		delay_ms(50);
0x08D6	0x0E02      	MOVLW       2
0x08D8	0x6E0B      	MOVWF       R11, 0
0x08DA	0x0E04      	MOVLW       4
0x08DC	0x6E0C      	MOVWF       R12, 0
0x08DE	0x0EBA      	MOVLW       186
0x08E0	0x6E0D      	MOVWF       R13, 0
L_main25:
0x08E2	0x2E0D      	DECFSZ      R13, 1, 0
0x08E4	0xD7FE      	BRA         L_main25
0x08E6	0x2E0C      	DECFSZ      R12, 1, 0
0x08E8	0xD7FC      	BRA         L_main25
0x08EA	0x2E0B      	DECFSZ      R11, 1, 0
0x08EC	0xD7FA      	BRA         L_main25
0x08EE	0x0000      	NOP
;baigiamasis_v2.c,297 :: 		cmd_3 = cmd_prideti_kintama(cmd_1,cmd_2,0);
0x08F0	0xF24CC02A  	MOVFF       _cmd_1, FARG_cmd_prideti_kintama_pradinis_tekstas
0x08F4	0xF24DC02B  	MOVFF       _cmd_1+1, FARG_cmd_prideti_kintama_pradinis_tekstas+1
0x08F8	0xF24EC015  	MOVFF       _cmd_2, FARG_cmd_prideti_kintama_pridetas_kintamas
0x08FC	0xF24FC016  	MOVFF       _cmd_2+1, FARG_cmd_prideti_kintama_pridetas_kintamas+1
0x0900	0x6B50      	CLRF        FARG_cmd_prideti_kintama_rn, 1
0x0902	0xDDDE      	RCALL       _cmd_prideti_kintama
0x0904	0xF220C000  	MOVFF       R0, _cmd_3
0x0908	0xF221C001  	MOVFF       R1, _cmd_3+1
;baigiamasis_v2.c,299 :: 		delay_ms(50);
0x090C	0x0E02      	MOVLW       2
0x090E	0x6E0B      	MOVWF       R11, 0
0x0910	0x0E04      	MOVLW       4
0x0912	0x6E0C      	MOVWF       R12, 0
0x0914	0x0EBA      	MOVLW       186
0x0916	0x6E0D      	MOVWF       R13, 0
L_main26:
0x0918	0x2E0D      	DECFSZ      R13, 1, 0
0x091A	0xD7FE      	BRA         L_main26
0x091C	0x2E0C      	DECFSZ      R12, 1, 0
0x091E	0xD7FC      	BRA         L_main26
0x0920	0x2E0B      	DECFSZ      R11, 1, 0
0x0922	0xD7FA      	BRA         L_main26
0x0924	0x0000      	NOP
;baigiamasis_v2.c,301 :: 		UART2_Write_Text(cmd_3);
0x0926	0xF24CC220  	MOVFF       _cmd_3, FARG_UART2_Write_Text_uart_text
0x092A	0xF24DC221  	MOVFF       _cmd_3+1, FARG_UART2_Write_Text_uart_text+1
0x092E	0xDD47      	RCALL       _UART2_Write_Text
;baigiamasis_v2.c,304 :: 		cmd_3 = cmd_prideti_teksta(cmd_3, cmd_3_duomenys);
0x0930	0xF261C220  	MOVFF       _cmd_3, FARG_cmd_prideti_teksta_pradinis_tekstas
0x0934	0xF262C221  	MOVFF       _cmd_3+1, FARG_cmd_prideti_teksta_pradinis_tekstas+1
0x0938	0xF263C222  	MOVFF       _cmd_3_duomenys, FARG_cmd_prideti_teksta_pridetas_tekstas
0x093C	0xF264C223  	MOVFF       _cmd_3_duomenys+1, FARG_cmd_prideti_teksta_pridetas_tekstas+1
0x0940	0xDCD7      	RCALL       _cmd_prideti_teksta
0x0942	0xF220C000  	MOVFF       R0, _cmd_3
0x0946	0xF221C001  	MOVFF       R1, _cmd_3+1
;baigiamasis_v2.c,306 :: 		return;
0x094A	0xD050      	BRA         L_end_main
;baigiamasis_v2.c,316 :: 		delay_ms(1000);
L_main29:
0x094C	0x2E0D      	DECFSZ      R13, 1, 0
0x094E	0xD7FE      	BRA         L_main29
0x0950	0x2E0C      	DECFSZ      R12, 1, 0
0x0952	0xD7FC      	BRA         L_main29
0x0954	0x2E0B      	DECFSZ      R11, 1, 0
0x0956	0xD7FA      	BRA         L_main29
0x0958	0x0000      	NOP
;baigiamasis_v2.c,317 :: 		UART1_Write_Text("AT+CIPSTART=0,\"TCP\",\"myhome.esoftas.com\",80\r\n");
0x095A	0x0E3D      	MOVLW       ?lstr15_baigiamasis_v2
0x095C	0x6F4C      	MOVWF       FARG_UART1_Write_Text_uart_text, 1
0x095E	0x0E01      	MOVLW       hi_addr(?lstr15_baigiamasis_v2)
0x0960	0x6F4D      	MOVWF       FARG_UART1_Write_Text_uart_text+1, 1
0x0962	0xDDF7      	RCALL       _UART1_Write_Text
;baigiamasis_v2.c,318 :: 		delay_ms(1000);
0x0964	0x0E15      	MOVLW       21
0x0966	0x6E0B      	MOVWF       R11, 0
0x0968	0x0E4B      	MOVLW       75
0x096A	0x6E0C      	MOVWF       R12, 0
0x096C	0x0EBE      	MOVLW       190
0x096E	0x6E0D      	MOVWF       R13, 0
L_main30:
0x0970	0x2E0D      	DECFSZ      R13, 1, 0
0x0972	0xD7FE      	BRA         L_main30
0x0974	0x2E0C      	DECFSZ      R12, 1, 0
0x0976	0xD7FC      	BRA         L_main30
0x0978	0x2E0B      	DECFSZ      R11, 1, 0
0x097A	0xD7FA      	BRA         L_main30
0x097C	0x0000      	NOP
;baigiamasis_v2.c,321 :: 		cmd = "POST /api/sensor/data/add HTTP/1.1\r\nContent-Type: application/x-www-form-urlencoded\r\nHost: myhome.esoftas.com\r\nUser-Agent:test\r\nAccept: text/html\r\nContent-Length: 40\r\n\r\nserial=1&temp=1&co=1&smoke=1&humidity=69";
0x097E	0x0E6B      	MOVLW       ?lstr16_baigiamasis_v2
0x0980	0x6F3A      	MOVWF       _cmd, 1
0x0982	0x0E00      	MOVLW       hi_addr(?lstr16_baigiamasis_v2)
0x0984	0x6F3B      	MOVWF       _cmd+1, 1
;baigiamasis_v2.c,322 :: 		komandos_ilgis = cmd_zodzio_ilgis(cmd); // 208
0x0986	0xF26BC23A  	MOVFF       _cmd, FARG_cmd_zodzio_ilgis_str
0x098A	0xF26CC23B  	MOVFF       _cmd+1, FARG_cmd_zodzio_ilgis_str+1
0x098E	0xF000EC29  	CALL        _cmd_zodzio_ilgis, 0
0x0992	0xF23EC000  	MOVFF       R0, _komandos_ilgis
0x0996	0xF23FC001  	MOVFF       R1, _komandos_ilgis+1
;baigiamasis_v2.c,325 :: 		atsakymas = cmd_prideti_kintama("AT+CIPSEND=0,",komandos_ilgis,0);
0x099A	0x0E6B      	MOVLW       ?lstr17_baigiamasis_v2
0x099C	0x6F4C      	MOVWF       FARG_cmd_prideti_kintama_pradinis_tekstas, 1
0x099E	0x0E01      	MOVLW       hi_addr(?lstr17_baigiamasis_v2)
0x09A0	0x6F4D      	MOVWF       FARG_cmd_prideti_kintama_pradinis_tekstas+1, 1
0x09A2	0xF24EC23E  	MOVFF       _komandos_ilgis, FARG_cmd_prideti_kintama_pridetas_kintamas
0x09A6	0xF24FC23F  	MOVFF       _komandos_ilgis+1, FARG_cmd_prideti_kintama_pridetas_kintamas+1
0x09AA	0x6B50      	CLRF        FARG_cmd_prideti_kintama_rn, 1
0x09AC	0xDD89      	RCALL       _cmd_prideti_kintama
0x09AE	0xF23CC000  	MOVFF       R0, _atsakymas
0x09B2	0xF23DC001  	MOVFF       R1, _atsakymas+1
;baigiamasis_v2.c,326 :: 		atsakymas_2 = cmd_prideti_newline(atsakymas);
0x09B6	0xF246C23C  	MOVFF       _atsakymas, FARG_cmd_prideti_newline_input
0x09BA	0xF247C23D  	MOVFF       _atsakymas+1, FARG_cmd_prideti_newline_input+1
0x09BE	0xDF66      	RCALL       _cmd_prideti_newline
0x09C0	0xF238C000  	MOVFF       R0, _atsakymas_2
0x09C4	0xF239C001  	MOVFF       R1, _atsakymas_2+1
;baigiamasis_v2.c,327 :: 		UART1_Write_Text(atsakymas_2);
0x09C8	0xF24CC238  	MOVFF       _atsakymas_2, FARG_UART1_Write_Text_uart_text
0x09CC	0xF24DC239  	MOVFF       _atsakymas_2+1, FARG_UART1_Write_Text_uart_text+1
0x09D0	0xDDC0      	RCALL       _UART1_Write_Text
;baigiamasis_v2.c,328 :: 		delay_ms(1000);
0x09D2	0x0E15      	MOVLW       21
0x09D4	0x6E0B      	MOVWF       R11, 0
0x09D6	0x0E4B      	MOVLW       75
0x09D8	0x6E0C      	MOVWF       R12, 0
0x09DA	0x0EBE      	MOVLW       190
0x09DC	0x6E0D      	MOVWF       R13, 0
L_main31:
0x09DE	0x2E0D      	DECFSZ      R13, 1, 0
0x09E0	0xD7FE      	BRA         L_main31
0x09E2	0x2E0C      	DECFSZ      R12, 1, 0
0x09E4	0xD7FC      	BRA         L_main31
0x09E6	0x2E0B      	DECFSZ      R11, 1, 0
0x09E8	0xD7FA      	BRA         L_main31
0x09EA	0x0000      	NOP
;baigiamasis_v2.c,331 :: 		return;
;baigiamasis_v2.c,366 :: 		}
L_end_main:
0x09EC	0xD7FF      	BRA         $+0
; end of _main
0x0BFA	0xF015EE10  	LFSR        1, 21
0x0BFE	0x0E0B      	MOVLW       11
0x0C00	0x6E00      	MOVWF       R0 
0x0C02	0x0E03      	MOVLW       3
0x0C04	0x6E01      	MOVWF       R1 
0x0C06	0x0EEE      	MOVLW       238
0x0C08	0x6EF6      	MOVWF       4086 
0x0C0A	0x0E09      	MOVLW       9
0x0C0C	0x6EF7      	MOVWF       TBLPTRH 
0x0C0E	0x0E00      	MOVLW       0
0x0C10	0x6EF8      	MOVWF       TBLPTRU 
0x0C12	0xF002ECCB  	CALL        1430, 0
0x0C16	0x0012      	RETURN      0
;baigiamasis_v2.c,0 :: ?ICS_cmd_2
0x09EE	0x0000 ;?ICS_cmd_2+0
; end of ?ICS_cmd_2
;baigiamasis_v2.c,0 :: ?ICS?lstr13_baigiamasis_v2
0x09F0	0x6826 ;?ICS?lstr13_baigiamasis_v2+0
0x09F2	0x6D75 ;?ICS?lstr13_baigiamasis_v2+2
0x09F4	0x6469 ;?ICS?lstr13_baigiamasis_v2+4
0x09F6	0x7469 ;?ICS?lstr13_baigiamasis_v2+6
0x09F8	0x3D79 ;?ICS?lstr13_baigiamasis_v2+8
0x09FA	0x00 ;?ICS?lstr13_baigiamasis_v2+10
; end of ?ICS?lstr13_baigiamasis_v2
;baigiamasis_v2.c,0 :: ?ICS?lstr12_baigiamasis_v2
0x09FB	0x7326 ;?ICS?lstr12_baigiamasis_v2+0
0x09FD	0x6F6D ;?ICS?lstr12_baigiamasis_v2+2
0x09FF	0x656B ;?ICS?lstr12_baigiamasis_v2+4
0x0A01	0x003D ;?ICS?lstr12_baigiamasis_v2+6
; end of ?ICS?lstr12_baigiamasis_v2
;baigiamasis_v2.c,0 :: ?ICS_cmd_1
0x0A03	0x017C ;?ICS_cmd_1+0
; end of ?ICS_cmd_1
;baigiamasis_v2.c,0 :: ?ICS?lstr6_baigiamasis_v2
0x0A05	0x0A0D ;?ICS?lstr6_baigiamasis_v2+0
0x0A07	0x00 ;?ICS?lstr6_baigiamasis_v2+2
; end of ?ICS?lstr6_baigiamasis_v2
;baigiamasis_v2.c,0 :: ?ICS?lstr11_baigiamasis_v2
0x0A08	0x6326 ;?ICS?lstr11_baigiamasis_v2+0
0x0A0A	0x3D6F ;?ICS?lstr11_baigiamasis_v2+2
0x0A0C	0x00 ;?ICS?lstr11_baigiamasis_v2+4
; end of ?ICS?lstr11_baigiamasis_v2
;baigiamasis_v2.c,0 :: ?ICS?lstr10_baigiamasis_v2
0x0A0D	0x7426 ;?ICS?lstr10_baigiamasis_v2+0
0x0A0F	0x6D65 ;?ICS?lstr10_baigiamasis_v2+2
0x0A11	0x3D70 ;?ICS?lstr10_baigiamasis_v2+4
0x0A13	0x00 ;?ICS?lstr10_baigiamasis_v2+6
; end of ?ICS?lstr10_baigiamasis_v2
;baigiamasis_v2.c,0 :: ?ICS?lstr9_baigiamasis_v2
0x0A14	0x6573 ;?ICS?lstr9_baigiamasis_v2+0
0x0A16	0x6972 ;?ICS?lstr9_baigiamasis_v2+2
0x0A18	0x6C61 ;?ICS?lstr9_baigiamasis_v2+4
0x0A1A	0x003D ;?ICS?lstr9_baigiamasis_v2+6
; end of ?ICS?lstr9_baigiamasis_v2
;baigiamasis_v2.c,0 :: ?ICS?lstr8_baigiamasis_v2
0x0A1C	0x0A0D ;?ICS?lstr8_baigiamasis_v2+0
0x0A1E	0x0A0D ;?ICS?lstr8_baigiamasis_v2+2
0x0A20	0x00 ;?ICS?lstr8_baigiamasis_v2+4
; end of ?ICS?lstr8_baigiamasis_v2
;baigiamasis_v2.c,0 :: ?ICS?lstr14_baigiamasis_v2
0x0A21	0x5441 ;?ICS?lstr14_baigiamasis_v2+0
0x0A23	0x432B ;?ICS?lstr14_baigiamasis_v2+2
0x0A25	0x5049 ;?ICS?lstr14_baigiamasis_v2+4
0x0A27	0x554D ;?ICS?lstr14_baigiamasis_v2+6
0x0A29	0x3D58 ;?ICS?lstr14_baigiamasis_v2+8
0x0A2B	0x0D31 ;?ICS?lstr14_baigiamasis_v2+10
0x0A2D	0x000A ;?ICS?lstr14_baigiamasis_v2+12
; end of ?ICS?lstr14_baigiamasis_v2
;baigiamasis_v2.c,0 :: ?ICS?lstr3_baigiamasis_v2
0x0A2F	0x5441 ;?ICS?lstr3_baigiamasis_v2+0
0x0A31	0x432B ;?ICS?lstr3_baigiamasis_v2+2
0x0A33	0x4D57 ;?ICS?lstr3_baigiamasis_v2+4
0x0A35	0x444F ;?ICS?lstr3_baigiamasis_v2+6
0x0A37	0x3D45 ;?ICS?lstr3_baigiamasis_v2+8
0x0A39	0x0D33 ;?ICS?lstr3_baigiamasis_v2+10
0x0A3B	0x000A ;?ICS?lstr3_baigiamasis_v2+12
; end of ?ICS?lstr3_baigiamasis_v2
;baigiamasis_v2.c,0 :: ?ICS?lstr2_baigiamasis_v2
0x0A3D	0x5441 ;?ICS?lstr2_baigiamasis_v2+0
0x0A3F	0x3045 ;?ICS?lstr2_baigiamasis_v2+2
0x0A41	0x0A0D ;?ICS?lstr2_baigiamasis_v2+4
0x0A43	0x00 ;?ICS?lstr2_baigiamasis_v2+6
; end of ?ICS?lstr2_baigiamasis_v2
;baigiamasis_v2.c,0 :: ?ICS?lstr16_baigiamasis_v2
0x0A44	0x4F50 ;?ICS?lstr16_baigiamasis_v2+0
0x0A46	0x5453 ;?ICS?lstr16_baigiamasis_v2+2
0x0A48	0x2F20 ;?ICS?lstr16_baigiamasis_v2+4
0x0A4A	0x7061 ;?ICS?lstr16_baigiamasis_v2+6
0x0A4C	0x2F69 ;?ICS?lstr16_baigiamasis_v2+8
0x0A4E	0x6573 ;?ICS?lstr16_baigiamasis_v2+10
0x0A50	0x736E ;?ICS?lstr16_baigiamasis_v2+12
0x0A52	0x726F ;?ICS?lstr16_baigiamasis_v2+14
0x0A54	0x642F ;?ICS?lstr16_baigiamasis_v2+16
0x0A56	0x7461 ;?ICS?lstr16_baigiamasis_v2+18
0x0A58	0x2F61 ;?ICS?lstr16_baigiamasis_v2+20
0x0A5A	0x6461 ;?ICS?lstr16_baigiamasis_v2+22
0x0A5C	0x2064 ;?ICS?lstr16_baigiamasis_v2+24
0x0A5E	0x5448 ;?ICS?lstr16_baigiamasis_v2+26
0x0A60	0x5054 ;?ICS?lstr16_baigiamasis_v2+28
0x0A62	0x312F ;?ICS?lstr16_baigiamasis_v2+30
0x0A64	0x312E ;?ICS?lstr16_baigiamasis_v2+32
0x0A66	0x0A0D ;?ICS?lstr16_baigiamasis_v2+34
0x0A68	0x6F43 ;?ICS?lstr16_baigiamasis_v2+36
0x0A6A	0x746E ;?ICS?lstr16_baigiamasis_v2+38
0x0A6C	0x6E65 ;?ICS?lstr16_baigiamasis_v2+40
0x0A6E	0x2D74 ;?ICS?lstr16_baigiamasis_v2+42
0x0A70	0x7954 ;?ICS?lstr16_baigiamasis_v2+44
0x0A72	0x6570 ;?ICS?lstr16_baigiamasis_v2+46
0x0A74	0x203A ;?ICS?lstr16_baigiamasis_v2+48
0x0A76	0x7061 ;?ICS?lstr16_baigiamasis_v2+50
0x0A78	0x6C70 ;?ICS?lstr16_baigiamasis_v2+52
0x0A7A	0x6369 ;?ICS?lstr16_baigiamasis_v2+54
0x0A7C	0x7461 ;?ICS?lstr16_baigiamasis_v2+56
0x0A7E	0x6F69 ;?ICS?lstr16_baigiamasis_v2+58
0x0A80	0x2F6E ;?ICS?lstr16_baigiamasis_v2+60
0x0A82	0x2D78 ;?ICS?lstr16_baigiamasis_v2+62
0x0A84	0x7777 ;?ICS?lstr16_baigiamasis_v2+64
0x0A86	0x2D77 ;?ICS?lstr16_baigiamasis_v2+66
0x0A88	0x6F66 ;?ICS?lstr16_baigiamasis_v2+68
0x0A8A	0x6D72 ;?ICS?lstr16_baigiamasis_v2+70
0x0A8C	0x752D ;?ICS?lstr16_baigiamasis_v2+72
0x0A8E	0x6C72 ;?ICS?lstr16_baigiamasis_v2+74
0x0A90	0x6E65 ;?ICS?lstr16_baigiamasis_v2+76
0x0A92	0x6F63 ;?ICS?lstr16_baigiamasis_v2+78
0x0A94	0x6564 ;?ICS?lstr16_baigiamasis_v2+80
0x0A96	0x0D64 ;?ICS?lstr16_baigiamasis_v2+82
0x0A98	0x480A ;?ICS?lstr16_baigiamasis_v2+84
0x0A9A	0x736F ;?ICS?lstr16_baigiamasis_v2+86
0x0A9C	0x3A74 ;?ICS?lstr16_baigiamasis_v2+88
0x0A9E	0x6D20 ;?ICS?lstr16_baigiamasis_v2+90
0x0AA0	0x6879 ;?ICS?lstr16_baigiamasis_v2+92
0x0AA2	0x6D6F ;?ICS?lstr16_baigiamasis_v2+94
0x0AA4	0x2E65 ;?ICS?lstr16_baigiamasis_v2+96
0x0AA6	0x7365 ;?ICS?lstr16_baigiamasis_v2+98
0x0AA8	0x666F ;?ICS?lstr16_baigiamasis_v2+100
0x0AAA	0x6174 ;?ICS?lstr16_baigiamasis_v2+102
0x0AAC	0x2E73 ;?ICS?lstr16_baigiamasis_v2+104
0x0AAE	0x6F63 ;?ICS?lstr16_baigiamasis_v2+106
0x0AB0	0x0D6D ;?ICS?lstr16_baigiamasis_v2+108
0x0AB2	0x550A ;?ICS?lstr16_baigiamasis_v2+110
0x0AB4	0x6573 ;?ICS?lstr16_baigiamasis_v2+112
0x0AB6	0x2D72 ;?ICS?lstr16_baigiamasis_v2+114
0x0AB8	0x6741 ;?ICS?lstr16_baigiamasis_v2+116
0x0ABA	0x6E65 ;?ICS?lstr16_baigiamasis_v2+118
0x0ABC	0x3A74 ;?ICS?lstr16_baigiamasis_v2+120
0x0ABE	0x6574 ;?ICS?lstr16_baigiamasis_v2+122
0x0AC0	0x7473 ;?ICS?lstr16_baigiamasis_v2+124
0x0AC2	0x0A0D ;?ICS?lstr16_baigiamasis_v2+126
0x0AC4	0x6341 ;?ICS?lstr16_baigiamasis_v2+128
0x0AC6	0x6563 ;?ICS?lstr16_baigiamasis_v2+130
0x0AC8	0x7470 ;?ICS?lstr16_baigiamasis_v2+132
0x0ACA	0x203A ;?ICS?lstr16_baigiamasis_v2+134
0x0ACC	0x6574 ;?ICS?lstr16_baigiamasis_v2+136
0x0ACE	0x7478 ;?ICS?lstr16_baigiamasis_v2+138
0x0AD0	0x682F ;?ICS?lstr16_baigiamasis_v2+140
0x0AD2	0x6D74 ;?ICS?lstr16_baigiamasis_v2+142
0x0AD4	0x0D6C ;?ICS?lstr16_baigiamasis_v2+144
0x0AD6	0x430A ;?ICS?lstr16_baigiamasis_v2+146
0x0AD8	0x6E6F ;?ICS?lstr16_baigiamasis_v2+148
0x0ADA	0x6574 ;?ICS?lstr16_baigiamasis_v2+150
0x0ADC	0x746E ;?ICS?lstr16_baigiamasis_v2+152
0x0ADE	0x4C2D ;?ICS?lstr16_baigiamasis_v2+154
0x0AE0	0x6E65 ;?ICS?lstr16_baigiamasis_v2+156
0x0AE2	0x7467 ;?ICS?lstr16_baigiamasis_v2+158
0x0AE4	0x3A68 ;?ICS?lstr16_baigiamasis_v2+160
0x0AE6	0x3420 ;?ICS?lstr16_baigiamasis_v2+162
0x0AE8	0x0D30 ;?ICS?lstr16_baigiamasis_v2+164
0x0AEA	0x0D0A ;?ICS?lstr16_baigiamasis_v2+166
0x0AEC	0x730A ;?ICS?lstr16_baigiamasis_v2+168
0x0AEE	0x7265 ;?ICS?lstr16_baigiamasis_v2+170
0x0AF0	0x6169 ;?ICS?lstr16_baigiamasis_v2+172
0x0AF2	0x3D6C ;?ICS?lstr16_baigiamasis_v2+174
0x0AF4	0x2631 ;?ICS?lstr16_baigiamasis_v2+176
0x0AF6	0x6574 ;?ICS?lstr16_baigiamasis_v2+178
0x0AF8	0x706D ;?ICS?lstr16_baigiamasis_v2+180
0x0AFA	0x313D ;?ICS?lstr16_baigiamasis_v2+182
0x0AFC	0x6326 ;?ICS?lstr16_baigiamasis_v2+184
0x0AFE	0x3D6F ;?ICS?lstr16_baigiamasis_v2+186
0x0B00	0x2631 ;?ICS?lstr16_baigiamasis_v2+188
0x0B02	0x6D73 ;?ICS?lstr16_baigiamasis_v2+190
0x0B04	0x6B6F ;?ICS?lstr16_baigiamasis_v2+192
0x0B06	0x3D65 ;?ICS?lstr16_baigiamasis_v2+194
0x0B08	0x2631 ;?ICS?lstr16_baigiamasis_v2+196
0x0B0A	0x7568 ;?ICS?lstr16_baigiamasis_v2+198
0x0B0C	0x696D ;?ICS?lstr16_baigiamasis_v2+200
0x0B0E	0x6964 ;?ICS?lstr16_baigiamasis_v2+202
0x0B10	0x7974 ;?ICS?lstr16_baigiamasis_v2+204
0x0B12	0x363D ;?ICS?lstr16_baigiamasis_v2+206
0x0B14	0x0039 ;?ICS?lstr16_baigiamasis_v2+208
; end of ?ICS?lstr16_baigiamasis_v2
;baigiamasis_v2.c,0 :: ?ICS?lstr15_baigiamasis_v2
0x0B16	0x5441 ;?ICS?lstr15_baigiamasis_v2+0
0x0B18	0x432B ;?ICS?lstr15_baigiamasis_v2+2
0x0B1A	0x5049 ;?ICS?lstr15_baigiamasis_v2+4
0x0B1C	0x5453 ;?ICS?lstr15_baigiamasis_v2+6
0x0B1E	0x5241 ;?ICS?lstr15_baigiamasis_v2+8
0x0B20	0x3D54 ;?ICS?lstr15_baigiamasis_v2+10
0x0B22	0x2C30 ;?ICS?lstr15_baigiamasis_v2+12
0x0B24	0x5422 ;?ICS?lstr15_baigiamasis_v2+14
0x0B26	0x5043 ;?ICS?lstr15_baigiamasis_v2+16
0x0B28	0x2C22 ;?ICS?lstr15_baigiamasis_v2+18
0x0B2A	0x6D22 ;?ICS?lstr15_baigiamasis_v2+20
0x0B2C	0x6879 ;?ICS?lstr15_baigiamasis_v2+22
0x0B2E	0x6D6F ;?ICS?lstr15_baigiamasis_v2+24
0x0B30	0x2E65 ;?ICS?lstr15_baigiamasis_v2+26
0x0B32	0x7365 ;?ICS?lstr15_baigiamasis_v2+28
0x0B34	0x666F ;?ICS?lstr15_baigiamasis_v2+30
0x0B36	0x6174 ;?ICS?lstr15_baigiamasis_v2+32
0x0B38	0x2E73 ;?ICS?lstr15_baigiamasis_v2+34
0x0B3A	0x6F63 ;?ICS?lstr15_baigiamasis_v2+36
0x0B3C	0x226D ;?ICS?lstr15_baigiamasis_v2+38
0x0B3E	0x382C ;?ICS?lstr15_baigiamasis_v2+40
0x0B40	0x0D30 ;?ICS?lstr15_baigiamasis_v2+42
0x0B42	0x000A ;?ICS?lstr15_baigiamasis_v2+44
; end of ?ICS?lstr15_baigiamasis_v2
;baigiamasis_v2.c,0 :: ?ICS?lstr17_baigiamasis_v2
0x0B44	0x5441 ;?ICS?lstr17_baigiamasis_v2+0
0x0B46	0x432B ;?ICS?lstr17_baigiamasis_v2+2
0x0B48	0x5049 ;?ICS?lstr17_baigiamasis_v2+4
0x0B4A	0x4553 ;?ICS?lstr17_baigiamasis_v2+6
0x0B4C	0x444E ;?ICS?lstr17_baigiamasis_v2+8
0x0B4E	0x303D ;?ICS?lstr17_baigiamasis_v2+10
0x0B50	0x002C ;?ICS?lstr17_baigiamasis_v2+12
; end of ?ICS?lstr17_baigiamasis_v2
;baigiamasis_v2.c,0 :: ?ICS?lstr7_baigiamasis_v2
0x0B52	0x0A0D ;?ICS?lstr7_baigiamasis_v2+0
0x0B54	0x00 ;?ICS?lstr7_baigiamasis_v2+2
; end of ?ICS?lstr7_baigiamasis_v2
;baigiamasis_v2.c,0 :: ?ICS?lstr1_baigiamasis_v2
0x0B55	0x4F50 ;?ICS?lstr1_baigiamasis_v2+0
0x0B57	0x5453 ;?ICS?lstr1_baigiamasis_v2+2
0x0B59	0x2F20 ;?ICS?lstr1_baigiamasis_v2+4
0x0B5B	0x7061 ;?ICS?lstr1_baigiamasis_v2+6
0x0B5D	0x2F69 ;?ICS?lstr1_baigiamasis_v2+8
0x0B5F	0x6573 ;?ICS?lstr1_baigiamasis_v2+10
0x0B61	0x736E ;?ICS?lstr1_baigiamasis_v2+12
0x0B63	0x726F ;?ICS?lstr1_baigiamasis_v2+14
0x0B65	0x642F ;?ICS?lstr1_baigiamasis_v2+16
0x0B67	0x7461 ;?ICS?lstr1_baigiamasis_v2+18
0x0B69	0x2F61 ;?ICS?lstr1_baigiamasis_v2+20
0x0B6B	0x6461 ;?ICS?lstr1_baigiamasis_v2+22
0x0B6D	0x2064 ;?ICS?lstr1_baigiamasis_v2+24
0x0B6F	0x5448 ;?ICS?lstr1_baigiamasis_v2+26
0x0B71	0x5054 ;?ICS?lstr1_baigiamasis_v2+28
0x0B73	0x312F ;?ICS?lstr1_baigiamasis_v2+30
0x0B75	0x312E ;?ICS?lstr1_baigiamasis_v2+32
0x0B77	0x0A0D ;?ICS?lstr1_baigiamasis_v2+34
0x0B79	0x6F43 ;?ICS?lstr1_baigiamasis_v2+36
0x0B7B	0x746E ;?ICS?lstr1_baigiamasis_v2+38
0x0B7D	0x6E65 ;?ICS?lstr1_baigiamasis_v2+40
0x0B7F	0x2D74 ;?ICS?lstr1_baigiamasis_v2+42
0x0B81	0x7954 ;?ICS?lstr1_baigiamasis_v2+44
0x0B83	0x6570 ;?ICS?lstr1_baigiamasis_v2+46
0x0B85	0x203A ;?ICS?lstr1_baigiamasis_v2+48
0x0B87	0x7061 ;?ICS?lstr1_baigiamasis_v2+50
0x0B89	0x6C70 ;?ICS?lstr1_baigiamasis_v2+52
0x0B8B	0x6369 ;?ICS?lstr1_baigiamasis_v2+54
0x0B8D	0x7461 ;?ICS?lstr1_baigiamasis_v2+56
0x0B8F	0x6F69 ;?ICS?lstr1_baigiamasis_v2+58
0x0B91	0x2F6E ;?ICS?lstr1_baigiamasis_v2+60
0x0B93	0x2D78 ;?ICS?lstr1_baigiamasis_v2+62
0x0B95	0x7777 ;?ICS?lstr1_baigiamasis_v2+64
0x0B97	0x2D77 ;?ICS?lstr1_baigiamasis_v2+66
0x0B99	0x6F66 ;?ICS?lstr1_baigiamasis_v2+68
0x0B9B	0x6D72 ;?ICS?lstr1_baigiamasis_v2+70
0x0B9D	0x752D ;?ICS?lstr1_baigiamasis_v2+72
0x0B9F	0x6C72 ;?ICS?lstr1_baigiamasis_v2+74
0x0BA1	0x6E65 ;?ICS?lstr1_baigiamasis_v2+76
0x0BA3	0x6F63 ;?ICS?lstr1_baigiamasis_v2+78
0x0BA5	0x6564 ;?ICS?lstr1_baigiamasis_v2+80
0x0BA7	0x0D64 ;?ICS?lstr1_baigiamasis_v2+82
0x0BA9	0x480A ;?ICS?lstr1_baigiamasis_v2+84
0x0BAB	0x736F ;?ICS?lstr1_baigiamasis_v2+86
0x0BAD	0x3A74 ;?ICS?lstr1_baigiamasis_v2+88
0x0BAF	0x6D20 ;?ICS?lstr1_baigiamasis_v2+90
0x0BB1	0x6879 ;?ICS?lstr1_baigiamasis_v2+92
0x0BB3	0x6D6F ;?ICS?lstr1_baigiamasis_v2+94
0x0BB5	0x2E65 ;?ICS?lstr1_baigiamasis_v2+96
0x0BB7	0x7365 ;?ICS?lstr1_baigiamasis_v2+98
0x0BB9	0x666F ;?ICS?lstr1_baigiamasis_v2+100
0x0BBB	0x6174 ;?ICS?lstr1_baigiamasis_v2+102
0x0BBD	0x2E73 ;?ICS?lstr1_baigiamasis_v2+104
0x0BBF	0x6F63 ;?ICS?lstr1_baigiamasis_v2+106
0x0BC1	0x0D6D ;?ICS?lstr1_baigiamasis_v2+108
0x0BC3	0x550A ;?ICS?lstr1_baigiamasis_v2+110
0x0BC5	0x6573 ;?ICS?lstr1_baigiamasis_v2+112
0x0BC7	0x2D72 ;?ICS?lstr1_baigiamasis_v2+114
0x0BC9	0x6741 ;?ICS?lstr1_baigiamasis_v2+116
0x0BCB	0x6E65 ;?ICS?lstr1_baigiamasis_v2+118
0x0BCD	0x3A74 ;?ICS?lstr1_baigiamasis_v2+120
0x0BCF	0x6574 ;?ICS?lstr1_baigiamasis_v2+122
0x0BD1	0x7473 ;?ICS?lstr1_baigiamasis_v2+124
0x0BD3	0x0A0D ;?ICS?lstr1_baigiamasis_v2+126
0x0BD5	0x6341 ;?ICS?lstr1_baigiamasis_v2+128
0x0BD7	0x6563 ;?ICS?lstr1_baigiamasis_v2+130
0x0BD9	0x7470 ;?ICS?lstr1_baigiamasis_v2+132
0x0BDB	0x203A ;?ICS?lstr1_baigiamasis_v2+134
0x0BDD	0x6574 ;?ICS?lstr1_baigiamasis_v2+136
0x0BDF	0x7478 ;?ICS?lstr1_baigiamasis_v2+138
0x0BE1	0x682F ;?ICS?lstr1_baigiamasis_v2+140
0x0BE3	0x6D74 ;?ICS?lstr1_baigiamasis_v2+142
0x0BE5	0x0D6C ;?ICS?lstr1_baigiamasis_v2+144
0x0BE7	0x430A ;?ICS?lstr1_baigiamasis_v2+146
0x0BE9	0x6E6F ;?ICS?lstr1_baigiamasis_v2+148
0x0BEB	0x6574 ;?ICS?lstr1_baigiamasis_v2+150
0x0BED	0x746E ;?ICS?lstr1_baigiamasis_v2+152
0x0BEF	0x4C2D ;?ICS?lstr1_baigiamasis_v2+154
0x0BF1	0x6E65 ;?ICS?lstr1_baigiamasis_v2+156
0x0BF3	0x7467 ;?ICS?lstr1_baigiamasis_v2+158
0x0BF5	0x3A68 ;?ICS?lstr1_baigiamasis_v2+160
0x0BF7	0x0020 ;?ICS?lstr1_baigiamasis_v2+162
; end of ?ICS?lstr1_baigiamasis_v2
Symbol List:
//** Routines locations **
//ADDRESS    SIZE    PROCEDURE
//----------------------------------------------
0x001C      [54]    _Div_16x16_U
0x0052      [36]    _cmd_zodzio_ilgis
0x0076     [146]    _WordToStr
0x0108     [112]    _Ltrim
0x0178     [218]    _IntToStr
0x0252      [14]    _UART1_Write
0x0260     [132]    _strncat
0x02E4      [12]    _UART2_Write
0x02F0     [118]    _cmd_prideti_teksta
0x0366      [88]    _UART1_Init
0x03BE      [52]    _UART2_Write_Text
0x03F2     [118]    _cmd_prideti_teksta_derinamas
0x0468      [88]    _UART2_Init
0x04C0     [146]    _cmd_prideti_kintama
0x0552      [52]    _UART1_Write_Text
0x0586      [16]    _Mikrovaldiklio_Konfiguravimas
0x0596      [16]    ___CC2DW
0x05A6     [128]    _WiFi_inicializacija
0x0626     [614]    _cmd_3_skaiciuoti_simboliu_skaiciu
0x088C      [56]    _cmd_prideti_newline
0x08C4     [298]    _main
//** Variables locations ** 
//ADDRESS    SIZE    VARIABLE
//----------------------------------------------
0x0000       [1]    R0
0x0000       [1]    UART1_Init_tmp_L0
0x0000       [1]    UART2_Init_tmp_L0
0x0001       [1]    UART2_Read___tmp_UART2_Read_L0
0x0001       [1]    ispunct_rslt_L0
0x0001       [1]    R1
0x0001       [1]    UART1_Read___tmp_UART1_Read_L0
0x0002       [2]    memset_pp_L0
0x0002       [2]    memchr_s_L0
0x0002       [2]    strlen_cp_L0
0x0002       [1]    R2
0x0002       [2]    memcpy_dd_L0
0x0003       [2]    Ltrim_original_L0
0x0003       [2]    memmove_tt_L0
0x0003       [1]    R3
0x0004       [1]    R4
0x0004       [2]    strcat_cp_L0
0x0004       [2]    strncpy_cp_L0
0x0004       [2]    strncat_cp_L0
0x0004       [2]    memcpy_ss_L0
0x0004       [2]    strcpy_cp_L0
0x0005       [2]    Ltrim_p_L0
0x0005       [1]    R5
0x0005       [2]    memmove_ff_L0
0x0005       [2]    LongIntToHex_input_half_L0
0x0005       [2]    LongWordToHex_input_half_L0
0x0006       [1]    R6
0x0007       [1]    R7
0x0008       [1]    R8
0x0009       [1]    R9
0x000A       [1]    R10
0x000B       [1]    R11
0x000C       [1]    R12
0x000D       [1]    R13
0x000E       [1]    R14
0x000F       [1]    R15
0x0010       [1]    R16
0x0011       [1]    R17
0x0012       [1]    R18
0x0013       [1]    R19
0x0014       [1]    R20
0x0015       [2]    _cmd_2
0x0017      [11]    ?lstr13_baigiamasis_v2
0x0022       [8]    ?lstr12_baigiamasis_v2
0x002A       [2]    _cmd_1
0x002C       [3]    ?lstr6_baigiamasis_v2
0x002F       [5]    ?lstr11_baigiamasis_v2
0x0034       [7]    ?lstr10_baigiamasis_v2
0x003B       [8]    ?lstr9_baigiamasis_v2
0x0043       [5]    ?lstr8_baigiamasis_v2
0x0048      [14]    ?lstr14_baigiamasis_v2
0x0056      [14]    ?lstr3_baigiamasis_v2
0x0064       [7]    ?lstr2_baigiamasis_v2
0x006B     [210]    ?lstr16_baigiamasis_v2
0x013D      [46]    ?lstr15_baigiamasis_v2
0x016B      [14]    ?lstr17_baigiamasis_v2
0x0179       [3]    ?lstr7_baigiamasis_v2
0x017C     [164]    ?lstr1_baigiamasis_v2
0x0220       [2]    _cmd_3
0x0222       [2]    _cmd_3_duomenys
0x0224       [2]    _cmd_3_humidity
0x0226       [2]    _cmd_3_smoke
0x0228       [4]    _UART_Wr_Ptr
0x022C       [4]    _UART_Tx_Idle_Ptr
0x0230       [4]    _UART_Rdy_Ptr
0x0234       [4]    _UART_Rd_Ptr
0x0238       [2]    _atsakymas_2
0x023A       [2]    _cmd
0x023C       [2]    _atsakymas
0x023E       [2]    _komandos_ilgis
0x0240       [2]    _cmd_3_co
0x0242       [2]    _cmd_3_temp
0x0244       [2]    _cmd_3_serial
0x0246       [2]    FARG_cmd_prideti_newline_input
0x0248       [2]    cmd_prideti_newline_output_L0
0x024A       [2]    cmd_prideti_newline_pridedamas_rn_L0
0x024C       [2]    FARG_UART1_Write_Text_uart_text
0x024C       [2]    FARG_UART2_Write_Text_uart_text
0x024C       [2]    FARG_cmd_prideti_teksta_derinamas_pradinis_tekstas
0x024C       [2]    FARG_cmd_prideti_kintama_pradinis_tekstas
0x024E       [2]    FARG_cmd_prideti_kintama_pridetas_kintamas
0x024E       [1]    UART2_Write_Text_data__L0
0x024E       [1]    UART1_Write_Text_data__L0
0x024E       [2]    FARG_cmd_prideti_teksta_derinamas_pridetas_tekstas
0x024F       [1]    UART1_Write_Text_counter_L0
0x024F       [1]    UART2_Write_Text_counter_L0
0x0250       [1]    FARG_cmd_prideti_kintama_rn
0x0250       [1]    cmd_prideti_teksta_derinamas_a_L0
0x0251       [1]    cmd_prideti_kintama_visas_ilgis_L0
0x0251       [1]    cmd_prideti_teksta_derinamas_b_L0
0x0252       [1]    cmd_prideti_teksta_derinamas_i_L0
0x0252       [2]    cmd_prideti_kintama_kintamasChar_L0
0x0254       [2]    cmd_prideti_kintama_resultas_L0
0x0256       [2]    cmd_prideti_kintama_galutinis_rezultatas_L0
0x0258       [7]    cmd_prideti_kintama_txt_tarpinis_L0
0x025F       [2]    cmd_prideti_kintama_pridedamas_rn_L0
0x0261       [2]    FARG_Ltrim_string
0x0261       [2]    FARG_cmd_prideti_teksta_pradinis_tekstas
0x0261       [1]    FARG_UART2_Write_data_
0x0261       [2]    FARG_strncat_to
0x0261       [2]    FARG_IntToStr_input
0x0261       [1]    FARG_UART1_Write_data_
0x0263       [2]    FARG_IntToStr_output
0x0263       [2]    FARG_strncat_from
0x0263       [2]    FARG_cmd_prideti_teksta_pridetas_tekstas
0x0263       [2]    Ltrim_trimmed_L0
0x0265       [2]    IntToStr_i_L0
0x0265       [2]    FARG_strncat_size
0x0265       [1]    cmd_prideti_teksta_a_L0
0x0266       [1]    cmd_prideti_teksta_b_L0
0x0267       [1]    cmd_prideti_teksta_i_L0
0x0267       [2]    IntToStr_negative_L0
0x0269       [2]    IntToStr_inword_L0
0x026B       [2]    FARG_cmd_zodzio_ilgis_str
0x026B       [2]    FARG_WordToStr_input
0x026D       [2]    FARG_WordToStr_output
0x026D       [1]    cmd_zodzio_ilgis_c_L0
0x026F       [1]    WordToStr_len_L0
0x0270       [2]    FLOC__WordToStr
0x0F39       [1]    ANSELB
0x0F3A       [1]    ANSELC
0x0F3B       [1]    ANSELD
0x0F3C       [1]    ANSELE
0x0F60       [1]    SLRCON
0x0F70       [1]    BAUDCON2
0x0F71       [1]    RCSTA2
0x0F72       [1]    TXSTA2
0x0F73       [1]    TXREG2
0x0F74       [1]    RCREG2
0x0F75       [1]    SPBRG2
0x0F76       [1]    SPBRGH2
0x0F93       [1]    TRISB
0x0F94       [0]    TRISC6_bit
0x0F94       [0]    TRISC7_bit
0x0F95       [0]    TRISD7_bit
0x0F95       [0]    TRISD6_bit
0x0F9E       [1]    PIR1
0x0FA4       [0]    RC2IF_bit
0x0FAB       [1]    RCSTA
0x0FAC       [1]    TXSTA
0x0FAD       [1]    TXREG
0x0FAE       [1]    RCREG
0x0FAF       [1]    SPBRG
0x0FB0       [1]    SPBRGH
0x0FB8       [1]    BAUDCON
0x0FD8       [1]    STATUS
0x0FD9       [1]    FSR2L
0x0FDA       [1]    FSR2H
0x0FDE       [1]    POSTINC2
0x0FE0       [1]    BSR
0x0FE1       [1]    FSR1L
0x0FE2       [1]    FSR1H
0x0FE4       [1]    PREINC1
0x0FE6       [1]    POSTINC1
0x0FE7       [1]    INDF1
0x0FE8       [1]    WREG
0x0FE9       [1]    FSR0L
0x0FEA       [1]    FSR0H
0x0FEE       [1]    POSTINC0
0x0FF3       [1]    PRODL
0x0FF4       [1]    PRODH
0x0FF5       [1]    TABLAT
0x0FF6       [1]    TBLPTRL
0x0FF7       [1]    TBLPTRH
0x0FF8       [1]    TBLPTRU
//** Constants locations ** 
//ADDRESS    SIZE    CONSTANT
//----------------------------------------------
0x09EE       [2]    ?ICS_cmd_2
0x09F0      [11]    ?ICS?lstr13_baigiamasis_v2
0x09FB       [8]    ?ICS?lstr12_baigiamasis_v2
0x0A03       [2]    ?ICS_cmd_1
0x0A05       [3]    ?ICS?lstr6_baigiamasis_v2
0x0A08       [5]    ?ICS?lstr11_baigiamasis_v2
0x0A0D       [7]    ?ICS?lstr10_baigiamasis_v2
0x0A14       [8]    ?ICS?lstr9_baigiamasis_v2
0x0A1C       [5]    ?ICS?lstr8_baigiamasis_v2
0x0A21      [14]    ?ICS?lstr14_baigiamasis_v2
0x0A2F      [14]    ?ICS?lstr3_baigiamasis_v2
0x0A3D       [7]    ?ICS?lstr2_baigiamasis_v2
0x0A44     [210]    ?ICS?lstr16_baigiamasis_v2
0x0B16      [46]    ?ICS?lstr15_baigiamasis_v2
0x0B44      [14]    ?ICS?lstr17_baigiamasis_v2
0x0B52       [3]    ?ICS?lstr7_baigiamasis_v2
0x0B55     [164]    ?ICS?lstr1_baigiamasis_v2
//** Label List: ** 
//----------------------------------------------
  L_WiFi_inicializacija0
  L_WiFi_inicializacija1
  L_WiFi_inicializacija2
  L_WiFi_tinklo_skanavimas3
  L_WiFi_tinklo_skanavimas4
  L_WiFi_tinklo_skanavimas5
  L_cmd_zodzio_ilgis6
  L_cmd_zodzio_ilgis7
  L_cmd_prideti_teksta8
  L_cmd_prideti_teksta9
  L_cmd_prideti_teksta10
  L_cmd_prideti_teksta_derinamas11
  L_cmd_prideti_teksta_derinamas12
  L_cmd_prideti_teksta_derinamas13
  L_cmd_prideti_kintama14
  L_cmd_3_skaiciuoti_simboliu_skaiciu15
  L_cmd_3_skaiciuoti_simboliu_skaiciu16
  L_cmd_3_skaiciuoti_simboliu_skaiciu17
  L_cmd_3_skaiciuoti_simboliu_skaiciu18
  L_cmd_3_skaiciuoti_simboliu_skaiciu19
  L_cmd_3_skaiciuoti_simboliu_skaiciu20
  L_cmd_3_skaiciuoti_simboliu_skaiciu21
  L_cmd_3_skaiciuoti_simboliu_skaiciu22
  L_cmd_3_skaiciuoti_simboliu_skaiciu23
  L_cmd_3_skaiciuoti_simboliu_skaiciu24
  L_main25
  L_main26
  L_main27
  L_main28
  L_main29
  L_main30
  L_main31
  L_end_Nuskaityti_davikliu_reiksmes
  _Nuskaityti_davikliu_reiksmes
  L_end_WiFi_inicializacija
  _WiFi_inicializacija
  L_end_WiFi_tinklo_skanavimas
  _WiFi_tinklo_skanavimas
  L_end_WiFi_tinklas_prisijungti
  _WiFi_tinklas_prisijungti
  L_end_Mikrovaldiklio_Konfiguravimas
  _Mikrovaldiklio_Konfiguravimas
  L_end_cmd_zodzio_ilgis
  _cmd_zodzio_ilgis
  L_end_cmd_prideti_teksta
  _cmd_prideti_teksta
  L_end_cmd_prideti_teksta_derinamas
  _cmd_prideti_teksta_derinamas
  L_end_cmd_prideti_newline
  _cmd_prideti_newline
  L_end_cmd_prideti_kintama
  _cmd_prideti_kintama
  L_end_cmd_3_skaiciuoti_simboliu_skaiciu
  _cmd_3_skaiciuoti_simboliu_skaiciu
  L_end_main
  _main
  L_ByteToStr0
  L_ByteToStr1
  L_ByteToStr2
  L_ByteToStr3
  L_ByteToStr4
  L_ByteToStr5
  L_WordToStr6
  L_WordToStr7
  L_WordToStr8
  L_WordToStr9
  L_WordToStr10
  L_WordToStr11
  L_WordToStrWithZeros12
  L_WordToStrWithZeros13
  L_WordToStrWithZeros14
  L_WordToStrWithZeros15
  L_WordToStrWithZeros16
  L_ShortToStr17
  L_ShortToStr18
  L_ShortToStr19
  L_ShortToStr20
  L_ShortToStr21
  L_ShortToStr22
  L_IntToStr23
  L_IntToStr24
  L_IntToStr25
  L_IntToStr26
  L_IntToStr27
  L_IntToStr28
  L_IntToStrWithZeros29
  L_IntToStrWithZeros30
  L_IntToStrWithZeros31
  L_IntToStrWithZeros32
  L_IntToStrWithZeros33
  L_IntToStrWithZeros34
  L_IntToStrWithZeros35
  L_IntToStrWithZeros36
  L_IntToStrWithZeros37
  L_LongWordToStr38
  L_LongWordToStr39
  L_LongWordToStr40
  L_LongWordToStr41
  L_LongWordToStr42
  L_LongWordToStr43
  L_LongWordToStrWithZeros44
  L_LongWordToStrWithZeros45
  L_LongWordToStrWithZeros46
  L_LongWordToStrWithZeros47
  L_LongWordToStrWithZeros48
  L_LongToStr49
  L_LongToStr50
  L_LongToStr51
  L_LongToStr52
  L_LongToStr53
  L_LongToStr54
  L_LongIntToStrWithZeros55
  L_LongIntToStrWithZeros56
  L_LongIntToStrWithZeros57
  L_LongIntToStrWithZeros58
  L_LongIntToStrWithZeros59
  L_LongIntToStrWithZeros60
  L_LongIntToStrWithZeros61
  L_LongIntToStrWithZeros62
  L_LongIntToStrWithZeros63
  L_Dec2Bcd64
  L_Dec2Bcd65
  L_Rtrim66
  L_Rtrim67
  L_Rtrim68
  L_Rtrim69
  L_Ltrim70
  L_Ltrim71
  L_Ltrim72
  L_Ltrim73
  L_Ltrim74
  L_Ltrim75
  L_FloatToStr76
  L_FloatToStr77
  L_FloatToStr78
  L_FloatToStr79
  L_FloatToStr80
  L_FloatToStr81
  L_FloatToStr82
  L_FloatToStr83
  L_FloatToStr84
  L_FloatToStr85
  L_FloatToStr86
  L_FloatToStr87
  L_FloatToStr88
  L_FloatToStr89
  L_FloatToStr90
  L_FloatToStr91
  L_FloatToStr92
  L_FloatToStr93
  L_FloatToStr94
  L_FloatToStr95
  L_FloatToStr96
  L_FloatToStr97
  L__Rtrim98
  L__Ltrim99
  L__FloatToStr100
  L_end_ByteToHex
  _ByteToHex
  L_end_ShortToHex
  _ShortToHex
  L_end_WordToHex
  _WordToHex
  L_end_IntToHex
  _IntToHex
  L_end_LongWordToHex
  _LongWordToHex
  L_end_LongIntToHex
  _LongIntToHex
  L_end_ByteToStr
  _ByteToStr
  L_end_WordToStr
  _WordToStr
  L__WordToStr109
  L_end_WordToStrWithZeros
  _WordToStrWithZeros
  L__WordToStrWithZeros111
  L_end_ShortToStr
  _ShortToStr
  L__ShortToStr113
  L_end_IntToStr
  _IntToStr
  L__IntToStr115
  L__IntToStr116
  L_end_IntToStrWithZeros
  _IntToStrWithZeros
  L__IntToStrWithZeros118
  L__IntToStrWithZeros119
  L__IntToStrWithZeros120
  L_end_LongWordToStr
  _LongWordToStr
  L__LongWordToStr122
  L__LongWordToStr123
  L_end_LongWordToStrWithZeros
  _LongWordToStrWithZeros
  L__LongWordToStrWithZeros125
  L_end_LongToStr
  _LongToStr
  L__LongToStr127
  L__LongToStr128
  L_end_LongIntToStrWithZeros
  _LongIntToStrWithZeros
  L__LongIntToStrWithZeros130
  L__LongIntToStrWithZeros131
  L__LongIntToStrWithZeros132
  L_end_Dec2Bcd
  _Dec2Bcd
  L_end_Bcd2Dec
  _Bcd2Dec
  L_end_Bcd2Dec16
  _Bcd2Dec16
  L__Bcd2Dec16136
  L__Bcd2Dec16137
  L_end_Dec2Bcd16
  _Dec2Bcd16
  L__Dec2Bcd16139
  L__Dec2Bcd16140
  L_end_Rtrim
  _Rtrim
  L__Rtrim142
  L_end_Ltrim
  _Ltrim
  L_end_FloatToStr
  _FloatToStr
  L__FloatToStr145
  L__FloatToStr146
  L__FloatToStr147
  L__FloatToStr148
  L__FloatToStr149
  L_memchr0
  L_memchr1
  L_memchr2
  L_memchr3
  L_memcmp4
  L_memcmp5
  L_memcmp6
  L_memcpy7
  L_memcpy8
  L_memmove9
  L_memmove10
  L_memmove11
  L_memmove12
  L_memmove13
  L_memmove14
  L_memmove15
  L_memmove16
  L_memmove17
  L_memmove18
  L_memmove19
  L_memset20
  L_memset21
  L_strcat22
  L_strcat23
  L_strcat24
  L_strcat25
  L_strchr26
  L_strchr27
  L_strchr28
  L_strchr29
  L_strcmp30
  L_strcmp31
  L_strcmp32
  L_strcmp33
  L_strcpy34
  L_strcpy35
  L_strlen36
  L_strlen37
  L_strncat38
  L_strncat39
  L_strncat40
  L_strncat41
  L_strncat42
  L_strncat43
  L_strncat44
  L_strncpy45
  L_strncpy46
  L_strncpy47
  L_strncpy48
  L_strncpy49
  L_strspn50
  L_strspn51
  L_strspn52
  L_strspn53
  L_strcspn54
  L_strcspn55
  L_strcspn56
  L_strcspn57
  L_strncmp58
  L_strncmp59
  L_strncmp60
  L_strncmp61
  L_strncmp62
  L_strpbrk63
  L_strpbrk64
  L_strpbrk65
  L_strrchr66
  L_strrchr67
  L_strrchr68
  L_strrchr69
  L_strstr70
  L_strstr71
  L_strstr72
  L_strstr73
  L_strstr74
  L_strtok75
  L_strtok76
  L_strtok77
  L_strtok78
  L_strtok79
  L__memmove80
  L__strcmp81
  L__strncat82
  L__strspn83
  L__strcspn84
  L__strncmp85
  L__strstr86
  L_end_memchr
  _memchr
  L_end_memcmp
  _memcmp
  L__memcmp89
  L_end_memcpy
  _memcpy
  L_end_memmove
  _memmove
  L__memmove92
  L__memmove93
  L_end_memset
  _memset
  L_end_strcat
  _strcat
  L_end_strchr
  _strchr
  L_end_strcmp
  _strcmp
  L_end_strcpy
  _strcpy
  L_end_strlen
  _strlen
  L_end_strncat
  _strncat
  L__strncat101
  L_end_strncpy
  _strncpy
  L_end_strspn
  _strspn
  L__strspn104
  L_end_strcspn
  _strcspn
  L__strcspn106
  L_end_strncmp
  _strncmp
  L_end_strpbrk
  _strpbrk
  L_end_strrchr
  _strrchr
  L__strrchr110
  L_end_strstr
  _strstr
  L__strstr112
  L__strstr113
  L_end_strtok
  _strtok
  L__strtok115
  L_Div_16x16_S0
  L_Div_16x16_S1
  LOOPS3232A
  SADD22LA
  SOK22LA
  SADD22L8
  SOK22L8
  LOOPS3232B
  SADD22LB
  SOK22LB
  SADD22L16
  SOK22L16
  LOOPS3232C
  SADD22LC
  SOK22LC
  SADD22L24
  SOK22L24
  LOOPS3232D
  SADD22LD
  SOK22LD
  SOK22L
  L_Div_32x32_S6
  L_Div_32x32_S7
  L_Div_32x32_S8
  L_Div_32x32_S9
  FXD3232S
  END_ALL
  CA3232S
  C3232SX
  C3232SX1
  C3232S
  C3232S2
  C3232SX4
  C3232SOK
  C3232SX3
  C3232SX2
  avoid_comfrem
  LOOPU3232A
  UADD22LA
  UOK22LA
  UADD22L8
  UOK22L8
  LOOPU3232B
  UADD22LB
  UOK22LB
  UADD22L16
  UOK22L16
  LOOPU3232C
  UADD22LC
  UOK22LC
  UADD22L24
  UOK22L24
  LOOPU3232D
  UADD22LD
  UOK22LD
  UOK22L
  _NEXT
  _EXIT2
  _LOOP
  _EXIT1
  _IF_FIRST
  _IF_SECOND
  _INVERCE_FIRST
  _MULT
  _INBERSE_SECOND
  _EXIT
  L_end_Div_8x8_U
  _Div_8x8_U
  L_end_Div_16x16_U
  _Div_16x16_U
  L_end_Div_16x16_S_L
  _Div_16x16_S_L
  L_end_Div_16x16_S
  _Div_16x16_S
  L_end_Div_8x8_S
  _Div_8x8_S
  L_end_Mul_8x8_S
  _Mul_8x8_S
  L_end_Mul_16x16_U
  _Mul_16x16_U
  L_end_Mul_16x16_S
  _Mul_16x16_S
  L_end_SDIV3232L
  _SDIV3232L
  L_end_COMFREM
  _COMFREM
  L_end_Div_32x32_S
  _Div_32x32_S
  L_end_Div_32x32_U
  _Div_32x32_U
  L_end_Mul_32x32_U
  _Mul_32x32_U
  L_end_Mul_32x32_S
  _Mul_32x32_S
  _CC2D_Loop1
  _CC2DL_Loop1
  L_loopCA2AWs
  L_loopCCA2AWs
  L_loopCS2Ss
  L_CS2Send
  L_loopCCS2Ss
  L_CCS2Send
  L_loopFZinSWs
  L_longjmp7
  L_end___CC2D
  ___CC2D
  L_end___CC2DW
  ___CC2DW
  L_end___CA2AW
  ___CA2AW
  L_end___CCA2AW
  ___CCA2AW
  L_end___CS2S
  ___CS2S
  L_end___CCS2S
  ___CCS2S
  L_end___FZinS
  ___FZinS
  L_end_____DoIFC
  _____DoIFC
  L_end_Swap
  _Swap
  L_end_setjmp
  _setjmp
  L_end_longjmp
  _longjmp
  L_UART1_Init0
  L_UART1_Init1
  L_UART1_Read2
  L_UART1_Write3
  L_UART1_Write4
  L_UART1_Write_Text5
  L_UART1_Write_Text6
  L_UART1_Read_Text7
  L_UART1_Read_Text8
  L_UART1_Read_Text9
  L_UART1_Read_Text10
  L_UART1_Read_Text11
  L_UART1_Read_Text12
  L_UART1_Read_Text13
  L_UART1_Read_Text14
  L_UART1_Read_Text15
  L_UART2_Init16
  L_UART2_Init17
  L_UART2_Read18
  L_UART2_Write19
  L_UART2_Write20
  L_UART2_Write_Text21
  L_UART2_Write_Text22
  L_UART2_Read_Text23
  L_UART2_Read_Text24
  L_UART2_Read_Text25
  L_UART2_Read_Text26
  L_UART2_Read_Text27
  L_UART2_Read_Text28
  L_UART2_Read_Text29
  L_UART2_Read_Text30
  L_UART2_Read_Text31
  L_UART_Write_Text32
  L_UART_Write_Text33
  L_UART_Read_Text34
  L_UART_Read_Text35
  L_UART_Read_Text36
  L_UART_Read_Text37
  L_UART_Read_Text38
  L_UART_Read_Text39
  L_UART_Read_Text40
  L_UART_Read_Text41
  L_UART_Read_Text42
  L_end_UART1_Init
  _UART1_Init
  L_end_UART1_Data_Ready
  _UART1_Data_Ready
  L_end_UART1_Read
  _UART1_Read
  L_end_UART1_Tx_Idle
  _UART1_Tx_Idle
  L_end_UART1_Write
  _UART1_Write
  L_end_UART1_Write_Text
  _UART1_Write_Text
  L_end_UART1_Read_Text
  _UART1_Read_Text
  L_end_UART2_Init
  _UART2_Init
  L_end_UART2_Data_Ready
  _UART2_Data_Ready
  L_end_UART2_Read
  _UART2_Read
  L_end_UART2_Tx_Idle
  _UART2_Tx_Idle
  L_end_UART2_Write
  _UART2_Write
  L_end_UART2_Write_Text
  _UART2_Write_Text
  L_end_UART2_Read_Text
  _UART2_Read_Text
  L_end_UART_Set_Active
  _UART_Set_Active
  L_end_UART_Write
  _UART_Write
  L_end_UART_Write_Text
  _UART_Write_Text
  L_end_UART_Read
  _UART_Read
  L_end_UART_Data_Ready
  _UART_Data_Ready
  L_end_UART_Read_Text
  _UART_Read_Text
  L_end_UART_Tx_Idle
  _UART_Tx_Idle
